Success: Submitted the job to run!
╔══════════════╤══════════════════════════════════╗
║ Workspace ID │ Job ID                           ║
╟──────────────┼──────────────────────────────────╢
║ 5967         │ cb6ce6c789c14f3e9f098356b43c8856 ║
╚══════════════╧══════════════════════════════════╝

Useful commands:
status : polly jobs status --workspace-id 5967 --job-id cb6ce6c789c14f3e9f098356b43c8856
logs   : polly jobs logs --workspace-id 5967 --job-id cb6ce6c789c14f3e9f098356b43c8856
cancel : polly jobs cancel --workspace-id 5967 --job-id cb6ce6c789c14f3e9f098356b43c8856
Success: Submitted the job to run!
╔══════════════╤══════════════════════════════════╗
║ Workspace ID │ Job ID                           ║
╟──────────────┼──────────────────────────────────╢
║ 5967         │ d3d73416e1d94017ab97ed58aad6118b ║
╚══════════════╧══════════════════════════════════╝

Useful commands:
status : polly jobs status --workspace-id 5967 --job-id d3d73416e1d94017ab97ed58aad6118b
logs   : polly jobs logs --workspace-id 5967 --job-id d3d73416e1d94017ab97ed58aad6118b
cancel : polly jobs cancel --workspace-id 5967 --job-id d3d73416e1d94017ab97ed58aad6118b
Success: Submitted the job to run!
╔══════════════╤══════════════════════════════════╗
║ Workspace ID │ Job ID                           ║
╟──────────────┼──────────────────────────────────╢
║ 5967         │ 87c334eddf0949feb7dc1582472075ea ║
╚══════════════╧══════════════════════════════════╝

Useful commands:
status : polly jobs status --workspace-id 5967 --job-id 87c334eddf0949feb7dc1582472075ea
logs   : polly jobs logs --workspace-id 5967 --job-id 87c334eddf0949feb7dc1582472075ea
cancel : polly jobs cancel --workspace-id 5967 --job-id 87c334eddf0949feb7dc1582472075ea
Success: Submitted the job to run!
╔══════════════╤══════════════════════════════════╗
║ Workspace ID │ Job ID                           ║
╟──────────────┼──────────────────────────────────╢
║ 5967         │ 545fb21e5f2d4945a5779a17ac160007 ║
╚══════════════╧══════════════════════════════════╝

Useful commands:
status : polly jobs status --workspace-id 5967 --job-id 545fb21e5f2d4945a5779a17ac160007
logs   : polly jobs logs --workspace-id 5967 --job-id 545fb21e5f2d4945a5779a17ac160007
cancel : polly jobs cancel --workspace-id 5967 --job-id 545fb21e5f2d4945a5779a17ac160007
Success: Submitted the job to run!
Success: Submitted the job to run!
╔══════════════╤══════════════════════════════════╗
║ Workspace ID │ Job ID                           ║
╟──────────────┼──────────────────────────────────╢
║ 5967         │ e1b1cf9fca6b4904a5c1580e0664e88a ║
╚══════════════╧══════════════════════════════════╝

Useful commands:
status : polly jobs status --workspace-id 5967 --job-id e1b1cf9fca6b4904a5c1580e0664e88a
logs   : polly jobs logs --workspace-id 5967 --job-id e1b1cf9fca6b4904a5c1580e0664e88a
cancel : polly jobs cancel --workspace-id 5967 --job-id e1b1cf9fca6b4904a5c1580e0664e88a
Success: Submitted the job to run!
╔══════════════╤══════════════════════════════════╗
║ Workspace ID │ Job ID                           ║
╟──────────────┼──────────────────────────────────╢
║ 5967         │ 8ebdbdcddfd14cf39e89d74f01615fd8 ║
╚══════════════╧══════════════════════════════════╝

Useful commands:
status : polly jobs status --workspace-id 5967 --job-id 8ebdbdcddfd14cf39e89d74f01615fd8
logs   : polly jobs logs --workspace-id 5967 --job-id 8ebdbdcddfd14cf39e89d74f01615fd8
cancel : polly jobs cancel --workspace-id 5967 --job-id 8ebdbdcddfd14cf39e89d74f01615fd8
╔══════════════╤══════════════════════════════════╗
║ Workspace ID │ Job ID                           ║
╟──────────────┼──────────────────────────────────╢
║ 5967         │ 8e01152f33a14416a83d60a9e03c65b1 ║
╚══════════════╧══════════════════════════════════╝

Useful commands:
status : polly jobs status --workspace-id 5967 --job-id 8e01152f33a14416a83d60a9e03c65b1
logs   : polly jobs logs --workspace-id 5967 --job-id 8e01152f33a14416a83d60a9e03c65b1
cancel : polly jobs cancel --workspace-id 5967 --job-id 8e01152f33a14416a83d60a9e03c65b1
Success: Submitted the job to run!
╔══════════════╤══════════════════════════════════╗
║ Workspace ID │ Job ID                           ║
╟──────────────┼──────────────────────────────────╢
║ 5967         │ ad856a9e676a4429ad021182bc80cc6f ║
╚══════════════╧══════════════════════════════════╝

Useful commands:
status : polly jobs status --workspace-id 5967 --job-id ad856a9e676a4429ad021182bc80cc6f
logs   : polly jobs logs --workspace-id 5967 --job-id ad856a9e676a4429ad021182bc80cc6f
cancel : polly jobs cancel --workspace-id 5967 --job-id ad856a9e676a4429ad021182bc80cc6f
Success: Submitted the job to run!
╔══════════════╤══════════════════════════════════╗
║ Workspace ID │ Job ID                           ║
╟──────────────┼──────────────────────────────────╢
║ 5967         │ f000a092b76d42e2ae02f60c88467a86 ║
╚══════════════╧══════════════════════════════════╝

Useful commands:
status : polly jobs status --workspace-id 5967 --job-id f000a092b76d42e2ae02f60c88467a86
logs   : polly jobs logs --workspace-id 5967 --job-id f000a092b76d42e2ae02f60c88467a86
cancel : polly jobs cancel --workspace-id 5967 --job-id f000a092b76d42e2ae02f60c88467a86
Success: Submitted the job to run!
╔══════════════╤══════════════════════════════════╗
║ Workspace ID │ Job ID                           ║
╟──────────────┼──────────────────────────────────╢
║ 5967         │ 7a0fe990bcdd431cb297ee67da3fcb14 ║
╚══════════════╧══════════════════════════════════╝

Useful commands:
status : polly jobs status --workspace-id 5967 --job-id 7a0fe990bcdd431cb297ee67da3fcb14
logs   : polly jobs logs --workspace-id 5967 --job-id 7a0fe990bcdd431cb297ee67da3fcb14
cancel : polly jobs cancel --workspace-id 5967 --job-id 7a0fe990bcdd431cb297ee67da3fcb14
Success: Submitted the job to run!
╔══════════════╤══════════════════════════════════╗
║ Workspace ID │ Job ID                           ║
╟──────────────┼──────────────────────────────────╢
║ 5967         │ 0e7fbe63fb114cbca35f48b75285e3f8 ║
╚══════════════╧══════════════════════════════════╝

Useful commands:
status : polly jobs status --workspace-id 5967 --job-id 0e7fbe63fb114cbca35f48b75285e3f8
logs   : polly jobs logs --workspace-id 5967 --job-id 0e7fbe63fb114cbca35f48b75285e3f8
cancel : polly jobs cancel --workspace-id 5967 --job-id 0e7fbe63fb114cbca35f48b75285e3f8
Success: Submitted the job to run!
╔══════════════╤══════════════════════════════════╗
║ Workspace ID │ Job ID                           ║
╟──────────────┼──────────────────────────────────╢
║ 5967         │ 20592e881d12408cb069024c62443bbe ║
╚══════════════╧══════════════════════════════════╝

Useful commands:
status : polly jobs status --workspace-id 5967 --job-id 20592e881d12408cb069024c62443bbe
logs   : polly jobs logs --workspace-id 5967 --job-id 20592e881d12408cb069024c62443bbe
cancel : polly jobs cancel --workspace-id 5967 --job-id 20592e881d12408cb069024c62443bbe
Success: Submitted the job to run!
╔══════════════╤══════════════════════════════════╗
║ Workspace ID │ Job ID                           ║
╟──────────────┼──────────────────────────────────╢
║ 5967         │ c81e564ff7ea4b3eacbd6bc7cffad865 ║
╚══════════════╧══════════════════════════════════╝

Useful commands:
status : polly jobs status --workspace-id 5967 --job-id c81e564ff7ea4b3eacbd6bc7cffad865
logs   : polly jobs logs --workspace-id 5967 --job-id c81e564ff7ea4b3eacbd6bc7cffad865
cancel : polly jobs cancel --workspace-id 5967 --job-id c81e564ff7ea4b3eacbd6bc7cffad865
Success: Submitted the job to run!
╔══════════════╤══════════════════════════════════╗
║ Workspace ID │ Job ID                           ║
╟──────────────┼──────────────────────────────────╢
║ 5967         │ 8e7063a5846a46e5876dfcc1206d72f2 ║
╚══════════════╧══════════════════════════════════╝

Useful commands:
status : polly jobs status --workspace-id 5967 --job-id 8e7063a5846a46e5876dfcc1206d72f2
logs   : polly jobs logs --workspace-id 5967 --job-id 8e7063a5846a46e5876dfcc1206d72f2
cancel : polly jobs cancel --workspace-id 5967 --job-id 8e7063a5846a46e5876dfcc1206d72f2
Success: Submitted the job to run!
╔══════════════╤══════════════════════════════════╗
║ Workspace ID │ Job ID                           ║
╟──────────────┼──────────────────────────────────╢
║ 5967         │ 0c718a2eef4f4f9cb938138c5e8ee781 ║
╚══════════════╧══════════════════════════════════╝

Useful commands:
status : polly jobs status --workspace-id 5967 --job-id 0c718a2eef4f4f9cb938138c5e8ee781
logs   : polly jobs logs --workspace-id 5967 --job-id 0c718a2eef4f4f9cb938138c5e8ee781
cancel : polly jobs cancel --workspace-id 5967 --job-id 0c718a2eef4f4f9cb938138c5e8ee781
Success: Submitted the job to run!
╔══════════════╤══════════════════════════════════╗
║ Workspace ID │ Job ID                           ║
╟──────────────┼──────────────────────────────────╢
║ 5967         │ bf623fd5e0804c3692daf5c46852104b ║
╚══════════════╧══════════════════════════════════╝

Useful commands:
status : polly jobs status --workspace-id 5967 --job-id bf623fd5e0804c3692daf5c46852104b
logs   : polly jobs logs --workspace-id 5967 --job-id bf623fd5e0804c3692daf5c46852104b
cancel : polly jobs cancel --workspace-id 5967 --job-id bf623fd5e0804c3692daf5c46852104b
Success: Submitted the job to run!
╔══════════════╤══════════════════════════════════╗
║ Workspace ID │ Job ID                           ║
╟──────────────┼──────────────────────────────────╢
║ 5967         │ 0c06b061acb249ecbf99079cf4da7eec ║
╚══════════════╧══════════════════════════════════╝

Useful commands:
status : polly jobs status --workspace-id 5967 --job-id 0c06b061acb249ecbf99079cf4da7eec
logs   : polly jobs logs --workspace-id 5967 --job-id 0c06b061acb249ecbf99079cf4da7eec
cancel : polly jobs cancel --workspace-id 5967 --job-id 0c06b061acb249ecbf99079cf4da7eec
Success: Submitted the job to run!
╔══════════════╤══════════════════════════════════╗
║ Workspace ID │ Job ID                           ║
╟──────────────┼──────────────────────────────────╢
║ 5967         │ 8df5b87b39b44851baa797c3db6dd1e9 ║
╚══════════════╧══════════════════════════════════╝

Useful commands:
status : polly jobs status --workspace-id 5967 --job-id 8df5b87b39b44851baa797c3db6dd1e9
logs   : polly jobs logs --workspace-id 5967 --job-id 8df5b87b39b44851baa797c3db6dd1e9
cancel : polly jobs cancel --workspace-id 5967 --job-id 8df5b87b39b44851baa797c3db6dd1e9
Success: Submitted the job to run!
╔══════════════╤══════════════════════════════════╗
║ Workspace ID │ Job ID                           ║
╟──────────────┼──────────────────────────────────╢
║ 5967         │ fff6bac6509b4a409a8c7d9a06d23903 ║
╚══════════════╧══════════════════════════════════╝

Useful commands:
status : polly jobs status --workspace-id 5967 --job-id fff6bac6509b4a409a8c7d9a06d23903
logs   : polly jobs logs --workspace-id 5967 --job-id fff6bac6509b4a409a8c7d9a06d23903
cancel : polly jobs cancel --workspace-id 5967 --job-id fff6bac6509b4a409a8c7d9a06d23903
Success: Submitted the job to run!
╔══════════════╤══════════════════════════════════╗
║ Workspace ID │ Job ID                           ║
╟──────────────┼──────────────────────────────────╢
║ 5967         │ b2e297ce7b9e4b4283d7fca9fd58d3db ║
╚══════════════╧══════════════════════════════════╝

Useful commands:
status : polly jobs status --workspace-id 5967 --job-id b2e297ce7b9e4b4283d7fca9fd58d3db
logs   : polly jobs logs --workspace-id 5967 --job-id b2e297ce7b9e4b4283d7fca9fd58d3db
cancel : polly jobs cancel --workspace-id 5967 --job-id b2e297ce7b9e4b4283d7fca9fd58d3db
Success: Submitted the job to run!
╔══════════════╤══════════════════════════════════╗
║ Workspace ID │ Job ID                           ║
╟──────────────┼──────────────────────────────────╢
║ 5967         │ 7699539610d64cba8cdeddd46e41b003 ║
╚══════════════╧══════════════════════════════════╝

Useful commands:
status : polly jobs status --workspace-id 5967 --job-id 7699539610d64cba8cdeddd46e41b003
logs   : polly jobs logs --workspace-id 5967 --job-id 7699539610d64cba8cdeddd46e41b003
cancel : polly jobs cancel --workspace-id 5967 --job-id 7699539610d64cba8cdeddd46e41b003
Success: Submitted the job to run!
╔══════════════╤══════════════════════════════════╗
║ Workspace ID │ Job ID                           ║
╟──────────────┼──────────────────────────────────╢
║ 5967         │ 63552323ac3945dab2244134acaf1b3b ║
╚══════════════╧══════════════════════════════════╝

Useful commands:
status : polly jobs status --workspace-id 5967 --job-id 63552323ac3945dab2244134acaf1b3b
logs   : polly jobs logs --workspace-id 5967 --job-id 63552323ac3945dab2244134acaf1b3b
cancel : polly jobs cancel --workspace-id 5967 --job-id 63552323ac3945dab2244134acaf1b3b
Success: Submitted the job to run!
╔══════════════╤══════════════════════════════════╗
║ Workspace ID │ Job ID                           ║
╟──────────────┼──────────────────────────────────╢
║ 5967         │ 5fec371d444c450ab7fe5842557f046a ║
╚══════════════╧══════════════════════════════════╝

Useful commands:
status : polly jobs status --workspace-id 5967 --job-id 5fec371d444c450ab7fe5842557f046a
logs   : polly jobs logs --workspace-id 5967 --job-id 5fec371d444c450ab7fe5842557f046a
cancel : polly jobs cancel --workspace-id 5967 --job-id 5fec371d444c450ab7fe5842557f046a
Success: Submitted the job to run!
╔══════════════╤══════════════════════════════════╗
║ Workspace ID │ Job ID                           ║
╟──────────────┼──────────────────────────────────╢
║ 5967         │ 3ff54fd9240d4778ad60127907497854 ║
╚══════════════╧══════════════════════════════════╝

Useful commands:
status : polly jobs status --workspace-id 5967 --job-id 3ff54fd9240d4778ad60127907497854
logs   : polly jobs logs --workspace-id 5967 --job-id 3ff54fd9240d4778ad60127907497854
cancel : polly jobs cancel --workspace-id 5967 --job-id 3ff54fd9240d4778ad60127907497854
Success: Submitted the job to run!
╔══════════════╤══════════════════════════════════╗
║ Workspace ID │ Job ID                           ║
╟──────────────┼──────────────────────────────────╢
║ 5967         │ 6f5e477540b04a1d9c0cede8f3b3e66b ║
╚══════════════╧══════════════════════════════════╝

Useful commands:
status : polly jobs status --workspace-id 5967 --job-id 6f5e477540b04a1d9c0cede8f3b3e66b
logs   : polly jobs logs --workspace-id 5967 --job-id 6f5e477540b04a1d9c0cede8f3b3e66b
cancel : polly jobs cancel --workspace-id 5967 --job-id 6f5e477540b04a1d9c0cede8f3b3e66b
Success: Submitted the job to run!
╔══════════════╤══════════════════════════════════╗
║ Workspace ID │ Job ID                           ║
╟──────────────┼──────────────────────────────────╢
║ 5967         │ df4ddf0aa7ad4d7b8bb464dede0d7385 ║
╚══════════════╧══════════════════════════════════╝

Useful commands:
status : polly jobs status --workspace-id 5967 --job-id df4ddf0aa7ad4d7b8bb464dede0d7385
logs   : polly jobs logs --workspace-id 5967 --job-id df4ddf0aa7ad4d7b8bb464dede0d7385
cancel : polly jobs cancel --workspace-id 5967 --job-id df4ddf0aa7ad4d7b8bb464dede0d7385
Success: Submitted the job to run!
╔══════════════╤══════════════════════════════════╗
║ Workspace ID │ Job ID                           ║
╟──────────────┼──────────────────────────────────╢
║ 5967         │ 9494f28317d946a0999d5b20cff0ebaf ║
╚══════════════╧══════════════════════════════════╝

Useful commands:
status : polly jobs status --workspace-id 5967 --job-id 9494f28317d946a0999d5b20cff0ebaf
logs   : polly jobs logs --workspace-id 5967 --job-id 9494f28317d946a0999d5b20cff0ebaf
cancel : polly jobs cancel --workspace-id 5967 --job-id 9494f28317d946a0999d5b20cff0ebaf
Success: Submitted the job to run!
╔══════════════╤══════════════════════════════════╗
║ Workspace ID │ Job ID                           ║
╟──────────────┼──────────────────────────────────╢
║ 5967         │ bbf4b8cc66b94364ab14466894f97a60 ║
╚══════════════╧══════════════════════════════════╝

Useful commands:
status : polly jobs status --workspace-id 5967 --job-id bbf4b8cc66b94364ab14466894f97a60
logs   : polly jobs logs --workspace-id 5967 --job-id bbf4b8cc66b94364ab14466894f97a60
cancel : polly jobs cancel --workspace-id 5967 --job-id bbf4b8cc66b94364ab14466894f97a60
Success: Submitted the job to run!
╔══════════════╤══════════════════════════════════╗
║ Workspace ID │ Job ID                           ║
╟──────────────┼──────────────────────────────────╢
║ 5967         │ 59fea77327a7421d96eb64b4c92edf0a ║
╚══════════════╧══════════════════════════════════╝

Useful commands:
status : polly jobs status --workspace-id 5967 --job-id 59fea77327a7421d96eb64b4c92edf0a
logs   : polly jobs logs --workspace-id 5967 --job-id 59fea77327a7421d96eb64b4c92edf0a
cancel : polly jobs cancel --workspace-id 5967 --job-id 59fea77327a7421d96eb64b4c92edf0a
Success: Submitted the job to run!
╔══════════════╤══════════════════════════════════╗
║ Workspace ID │ Job ID                           ║
╟──────────────┼──────────────────────────────────╢
║ 5967         │ 1c247e82ac554e8f8c41b30a3ccfecd7 ║
╚══════════════╧══════════════════════════════════╝

Useful commands:
status : polly jobs status --workspace-id 5967 --job-id 1c247e82ac554e8f8c41b30a3ccfecd7
logs   : polly jobs logs --workspace-id 5967 --job-id 1c247e82ac554e8f8c41b30a3ccfecd7
cancel : polly jobs cancel --workspace-id 5967 --job-id 1c247e82ac554e8f8c41b30a3ccfecd7
Success: Submitted the job to run!
╔══════════════╤══════════════════════════════════╗
║ Workspace ID │ Job ID                           ║
╟──────────────┼──────────────────────────────────╢
║ 5967         │ 0777443cbc4743fe9ea19bf9af0864b5 ║
╚══════════════╧══════════════════════════════════╝

Useful commands:
status : polly jobs status --workspace-id 5967 --job-id 0777443cbc4743fe9ea19bf9af0864b5
logs   : polly jobs logs --workspace-id 5967 --job-id 0777443cbc4743fe9ea19bf9af0864b5
cancel : polly jobs cancel --workspace-id 5967 --job-id 0777443cbc4743fe9ea19bf9af0864b5
Success: Submitted the job to run!
╔══════════════╤══════════════════════════════════╗
║ Workspace ID │ Job ID                           ║
╟──────────────┼──────────────────────────────────╢
║ 5967         │ a85b44024f814d0baa3f1239a29ded98 ║
╚══════════════╧══════════════════════════════════╝

Useful commands:
status : polly jobs status --workspace-id 5967 --job-id a85b44024f814d0baa3f1239a29ded98
logs   : polly jobs logs --workspace-id 5967 --job-id a85b44024f814d0baa3f1239a29ded98
cancel : polly jobs cancel --workspace-id 5967 --job-id a85b44024f814d0baa3f1239a29ded98
Success: Submitted the job to run!
╔══════════════╤══════════════════════════════════╗
║ Workspace ID │ Job ID                           ║
╟──────────────┼──────────────────────────────────╢
║ 5967         │ 60c985e43c334408b0fc952618e86987 ║
╚══════════════╧══════════════════════════════════╝

Useful commands:
status : polly jobs status --workspace-id 5967 --job-id 60c985e43c334408b0fc952618e86987
logs   : polly jobs logs --workspace-id 5967 --job-id 60c985e43c334408b0fc952618e86987
cancel : polly jobs cancel --workspace-id 5967 --job-id 60c985e43c334408b0fc952618e86987
Success: Submitted the job to run!
╔══════════════╤══════════════════════════════════╗
║ Workspace ID │ Job ID                           ║
╟──────────────┼──────────────────────────────────╢
║ 5967         │ 4ce0f61a11524953b192b87dc1ec43f2 ║
╚══════════════╧══════════════════════════════════╝

Useful commands:
status : polly jobs status --workspace-id 5967 --job-id 4ce0f61a11524953b192b87dc1ec43f2
logs   : polly jobs logs --workspace-id 5967 --job-id 4ce0f61a11524953b192b87dc1ec43f2
cancel : polly jobs cancel --workspace-id 5967 --job-id 4ce0f61a11524953b192b87dc1ec43f2
Success: Submitted the job to run!
╔══════════════╤══════════════════════════════════╗
║ Workspace ID │ Job ID                           ║
╟──────────────┼──────────────────────────────────╢
║ 5967         │ a4b257dab6744ed494d3683034143114 ║
╚══════════════╧══════════════════════════════════╝

Useful commands:
status : polly jobs status --workspace-id 5967 --job-id a4b257dab6744ed494d3683034143114
logs   : polly jobs logs --workspace-id 5967 --job-id a4b257dab6744ed494d3683034143114
cancel : polly jobs cancel --workspace-id 5967 --job-id a4b257dab6744ed494d3683034143114
Success: Submitted the job to run!
╔══════════════╤══════════════════════════════════╗
║ Workspace ID │ Job ID                           ║
╟──────────────┼──────────────────────────────────╢
║ 5967         │ 318f73878e6543cda86f7b082d17f7fb ║
╚══════════════╧══════════════════════════════════╝

Useful commands:
status : polly jobs status --workspace-id 5967 --job-id 318f73878e6543cda86f7b082d17f7fb
logs   : polly jobs logs --workspace-id 5967 --job-id 318f73878e6543cda86f7b082d17f7fb
cancel : polly jobs cancel --workspace-id 5967 --job-id 318f73878e6543cda86f7b082d17f7fb
Success: Submitted the job to run!
╔══════════════╤══════════════════════════════════╗
║ Workspace ID │ Job ID                           ║
╟──────────────┼──────────────────────────────────╢
║ 5967         │ 1bf8bfc1f1a54ff689e0f302870c42dd ║
╚══════════════╧══════════════════════════════════╝

Useful commands:
status : polly jobs status --workspace-id 5967 --job-id 1bf8bfc1f1a54ff689e0f302870c42dd
logs   : polly jobs logs --workspace-id 5967 --job-id 1bf8bfc1f1a54ff689e0f302870c42dd
cancel : polly jobs cancel --workspace-id 5967 --job-id 1bf8bfc1f1a54ff689e0f302870c42dd
Success: Submitted the job to run!
╔══════════════╤══════════════════════════════════╗
║ Workspace ID │ Job ID                           ║
╟──────────────┼──────────────────────────────────╢
║ 5967         │ 90f6258a8b964c059d41695f49d04238 ║
╚══════════════╧══════════════════════════════════╝

Useful commands:
status : polly jobs status --workspace-id 5967 --job-id 90f6258a8b964c059d41695f49d04238
logs   : polly jobs logs --workspace-id 5967 --job-id 90f6258a8b964c059d41695f49d04238
cancel : polly jobs cancel --workspace-id 5967 --job-id 90f6258a8b964c059d41695f49d04238
Success: Submitted the job to run!
╔══════════════╤══════════════════════════════════╗
║ Workspace ID │ Job ID                           ║
╟──────────────┼──────────────────────────────────╢
║ 5967         │ 786f73a18bbc46859f22350c74e8c43a ║
╚══════════════╧══════════════════════════════════╝

Useful commands:
status : polly jobs status --workspace-id 5967 --job-id 786f73a18bbc46859f22350c74e8c43a
logs   : polly jobs logs --workspace-id 5967 --job-id 786f73a18bbc46859f22350c74e8c43a
cancel : polly jobs cancel --workspace-id 5967 --job-id 786f73a18bbc46859f22350c74e8c43a
Success: Submitted the job to run!
╔══════════════╤══════════════════════════════════╗
║ Workspace ID │ Job ID                           ║
╟──────────────┼──────────────────────────────────╢
║ 5967         │ 76d0b184a32d436a90311e2d438d0296 ║
╚══════════════╧══════════════════════════════════╝

Useful commands:
status : polly jobs status --workspace-id 5967 --job-id 76d0b184a32d436a90311e2d438d0296
logs   : polly jobs logs --workspace-id 5967 --job-id 76d0b184a32d436a90311e2d438d0296
cancel : polly jobs cancel --workspace-id 5967 --job-id 76d0b184a32d436a90311e2d438d0296
Success: Submitted the job to run!
╔══════════════╤══════════════════════════════════╗
║ Workspace ID │ Job ID                           ║
╟──────────────┼──────────────────────────────────╢
║ 5967         │ c59e3980f8f040139a335d7e67c5a88a ║
╚══════════════╧══════════════════════════════════╝

Useful commands:
status : polly jobs status --workspace-id 5967 --job-id c59e3980f8f040139a335d7e67c5a88a
logs   : polly jobs logs --workspace-id 5967 --job-id c59e3980f8f040139a335d7e67c5a88a
cancel : polly jobs cancel --workspace-id 5967 --job-id c59e3980f8f040139a335d7e67c5a88a
Success: Submitted the job to run!
╔══════════════╤══════════════════════════════════╗
║ Workspace ID │ Job ID                           ║
╟──────────────┼──────────────────────────────────╢
║ 5967         │ bc5ac42520124fc5bf07e2ad81470b26 ║
╚══════════════╧══════════════════════════════════╝

Useful commands:
status : polly jobs status --workspace-id 5967 --job-id bc5ac42520124fc5bf07e2ad81470b26
logs   : polly jobs logs --workspace-id 5967 --job-id bc5ac42520124fc5bf07e2ad81470b26
cancel : polly jobs cancel --workspace-id 5967 --job-id bc5ac42520124fc5bf07e2ad81470b26
Success: Submitted the job to run!
╔══════════════╤══════════════════════════════════╗
║ Workspace ID │ Job ID                           ║
╟──────────────┼──────────────────────────────────╢
║ 5967         │ e9c9d6e696cd4270a0f3d68db03ee70f ║
╚══════════════╧══════════════════════════════════╝

Useful commands:
status : polly jobs status --workspace-id 5967 --job-id e9c9d6e696cd4270a0f3d68db03ee70f
logs   : polly jobs logs --workspace-id 5967 --job-id e9c9d6e696cd4270a0f3d68db03ee70f
cancel : polly jobs cancel --workspace-id 5967 --job-id e9c9d6e696cd4270a0f3d68db03ee70f
Success: Submitted the job to run!
╔══════════════╤══════════════════════════════════╗
║ Workspace ID │ Job ID                           ║
╟──────────────┼──────────────────────────────────╢
║ 5967         │ 99b9f11bc3b34b60ab6c3d57cf671955 ║
╚══════════════╧══════════════════════════════════╝

Useful commands:
status : polly jobs status --workspace-id 5967 --job-id 99b9f11bc3b34b60ab6c3d57cf671955
logs   : polly jobs logs --workspace-id 5967 --job-id 99b9f11bc3b34b60ab6c3d57cf671955
cancel : polly jobs cancel --workspace-id 5967 --job-id 99b9f11bc3b34b60ab6c3d57cf671955
Success: Submitted the job to run!
╔══════════════╤══════════════════════════════════╗
║ Workspace ID │ Job ID                           ║
╟──────────────┼──────────────────────────────────╢
║ 5967         │ e37e246972694e9f809b7a4d099db3c5 ║
╚══════════════╧══════════════════════════════════╝

Useful commands:
status : polly jobs status --workspace-id 5967 --job-id e37e246972694e9f809b7a4d099db3c5
logs   : polly jobs logs --workspace-id 5967 --job-id e37e246972694e9f809b7a4d099db3c5
cancel : polly jobs cancel --workspace-id 5967 --job-id e37e246972694e9f809b7a4d099db3c5
Success: Submitted the job to run!
╔══════════════╤══════════════════════════════════╗
║ Workspace ID │ Job ID                           ║
╟──────────────┼──────────────────────────────────╢
║ 5967         │ c5f3733a5d2b424f8733336d8fbdcc9f ║
╚══════════════╧══════════════════════════════════╝

Useful commands:
status : polly jobs status --workspace-id 5967 --job-id c5f3733a5d2b424f8733336d8fbdcc9f
logs   : polly jobs logs --workspace-id 5967 --job-id c5f3733a5d2b424f8733336d8fbdcc9f
cancel : polly jobs cancel --workspace-id 5967 --job-id c5f3733a5d2b424f8733336d8fbdcc9f
Success: Submitted the job to run!
Success: Submitted the job to run!
╔══════════════╤══════════════════════════════════╗
║ Workspace ID │ Job ID                           ║
╟──────────────┼──────────────────────────────────╢
║ 5967         │ 2968ced5c01840568b89f34a352bb6de ║
╚══════════════╧══════════════════════════════════╝

Useful commands:
status : polly jobs status --workspace-id 5967 --job-id 2968ced5c01840568b89f34a352bb6de
logs   : polly jobs logs --workspace-id 5967 --job-id 2968ced5c01840568b89f34a352bb6de
cancel : polly jobs cancel --workspace-id 5967 --job-id 2968ced5c01840568b89f34a352bb6de
╔══════════════╤══════════════════════════════════╗
║ Workspace ID │ Job ID                           ║
╟──────────────┼──────────────────────────────────╢
║ 5967         │ 287bf45117a14a0b9bacb7f13ccaaeeb ║
╚══════════════╧══════════════════════════════════╝

Useful commands:
status : polly jobs status --workspace-id 5967 --job-id 287bf45117a14a0b9bacb7f13ccaaeeb
logs   : polly jobs logs --workspace-id 5967 --job-id 287bf45117a14a0b9bacb7f13ccaaeeb
cancel : polly jobs cancel --workspace-id 5967 --job-id 287bf45117a14a0b9bacb7f13ccaaeeb
Success: Submitted the job to run!
╔══════════════╤══════════════════════════════════╗
║ Workspace ID │ Job ID                           ║
╟──────────────┼──────────────────────────────────╢
║ 5967         │ 24e98b00ece04a03bbca3c787767d6f6 ║
╚══════════════╧══════════════════════════════════╝

Useful commands:
status : polly jobs status --workspace-id 5967 --job-id 24e98b00ece04a03bbca3c787767d6f6
logs   : polly jobs logs --workspace-id 5967 --job-id 24e98b00ece04a03bbca3c787767d6f6
cancel : polly jobs cancel --workspace-id 5967 --job-id 24e98b00ece04a03bbca3c787767d6f6
Success: Submitted the job to run!
╔══════════════╤══════════════════════════════════╗
║ Workspace ID │ Job ID                           ║
╟──────────────┼──────────────────────────────────╢
║ 5967         │ 24277b10220747f598030b450f5e9cf2 ║
╚══════════════╧══════════════════════════════════╝

Useful commands:
status : polly jobs status --workspace-id 5967 --job-id 24277b10220747f598030b450f5e9cf2
logs   : polly jobs logs --workspace-id 5967 --job-id 24277b10220747f598030b450f5e9cf2
cancel : polly jobs cancel --workspace-id 5967 --job-id 24277b10220747f598030b450f5e9cf2
Success: Submitted the job to run!
╔══════════════╤══════════════════════════════════╗
║ Workspace ID │ Job ID                           ║
╟──────────────┼──────────────────────────────────╢
║ 5967         │ 371e55c054744b81ae68d420008dcd7b ║
╚══════════════╧══════════════════════════════════╝

Useful commands:
status : polly jobs status --workspace-id 5967 --job-id 371e55c054744b81ae68d420008dcd7b
logs   : polly jobs logs --workspace-id 5967 --job-id 371e55c054744b81ae68d420008dcd7b
cancel : polly jobs cancel --workspace-id 5967 --job-id 371e55c054744b81ae68d420008dcd7b
Success: Submitted the job to run!
╔══════════════╤══════════════════════════════════╗
║ Workspace ID │ Job ID                           ║
╟──────────────┼──────────────────────────────────╢
║ 5967         │ 10d716f074a04b6ea5254b2ba98065aa ║
╚══════════════╧══════════════════════════════════╝

Useful commands:
status : polly jobs status --workspace-id 5967 --job-id 10d716f074a04b6ea5254b2ba98065aa
logs   : polly jobs logs --workspace-id 5967 --job-id 10d716f074a04b6ea5254b2ba98065aa
cancel : polly jobs cancel --workspace-id 5967 --job-id 10d716f074a04b6ea5254b2ba98065aa
Success: Submitted the job to run!
╔══════════════╤══════════════════════════════════╗
║ Workspace ID │ Job ID                           ║
╟──────────────┼──────────────────────────────────╢
║ 5967         │ 6dc5ca3bc39847d28b559da7e6b4eed9 ║
╚══════════════╧══════════════════════════════════╝

Useful commands:
status : polly jobs status --workspace-id 5967 --job-id 6dc5ca3bc39847d28b559da7e6b4eed9
logs   : polly jobs logs --workspace-id 5967 --job-id 6dc5ca3bc39847d28b559da7e6b4eed9
cancel : polly jobs cancel --workspace-id 5967 --job-id 6dc5ca3bc39847d28b559da7e6b4eed9
Success: Submitted the job to run!
╔══════════════╤══════════════════════════════════╗
║ Workspace ID │ Job ID                           ║
╟──────────────┼──────────────────────────────────╢
║ 5967         │ d954b0d380fd4c2fa67e02e981291198 ║
╚══════════════╧══════════════════════════════════╝

Useful commands:
status : polly jobs status --workspace-id 5967 --job-id d954b0d380fd4c2fa67e02e981291198
logs   : polly jobs logs --workspace-id 5967 --job-id d954b0d380fd4c2fa67e02e981291198
cancel : polly jobs cancel --workspace-id 5967 --job-id d954b0d380fd4c2fa67e02e981291198
Success: Submitted the job to run!
╔══════════════╤══════════════════════════════════╗
║ Workspace ID │ Job ID                           ║
╟──────────────┼──────────────────────────────────╢
║ 5967         │ db9171cb0f4c47e3afbccf691f943bad ║
╚══════════════╧══════════════════════════════════╝

Useful commands:
status : polly jobs status --workspace-id 5967 --job-id db9171cb0f4c47e3afbccf691f943bad
logs   : polly jobs logs --workspace-id 5967 --job-id db9171cb0f4c47e3afbccf691f943bad
cancel : polly jobs cancel --workspace-id 5967 --job-id db9171cb0f4c47e3afbccf691f943bad
Success: Submitted the job to run!
╔══════════════╤══════════════════════════════════╗
║ Workspace ID │ Job ID                           ║
╟──────────────┼──────────────────────────────────╢
║ 5967         │ ff8d8fd088934ac0808bd21d161eabae ║
╚══════════════╧══════════════════════════════════╝

Useful commands:
status : polly jobs status --workspace-id 5967 --job-id ff8d8fd088934ac0808bd21d161eabae
logs   : polly jobs logs --workspace-id 5967 --job-id ff8d8fd088934ac0808bd21d161eabae
cancel : polly jobs cancel --workspace-id 5967 --job-id ff8d8fd088934ac0808bd21d161eabae
Success: Submitted the job to run!
╔══════════════╤══════════════════════════════════╗
║ Workspace ID │ Job ID                           ║
╟──────────────┼──────────────────────────────────╢
║ 5967         │ 96d3e414e0274294a46b52a3e5fa0d3e ║
╚══════════════╧══════════════════════════════════╝

Useful commands:
status : polly jobs status --workspace-id 5967 --job-id 96d3e414e0274294a46b52a3e5fa0d3e
logs   : polly jobs logs --workspace-id 5967 --job-id 96d3e414e0274294a46b52a3e5fa0d3e
cancel : polly jobs cancel --workspace-id 5967 --job-id 96d3e414e0274294a46b52a3e5fa0d3e
Success: Submitted the job to run!
╔══════════════╤══════════════════════════════════╗
║ Workspace ID │ Job ID                           ║
╟──────────────┼──────────────────────────────────╢
║ 5967         │ d0b42e352f9141e39db274c5425d810a ║
╚══════════════╧══════════════════════════════════╝

Useful commands:
status : polly jobs status --workspace-id 5967 --job-id d0b42e352f9141e39db274c5425d810a
logs   : polly jobs logs --workspace-id 5967 --job-id d0b42e352f9141e39db274c5425d810a
cancel : polly jobs cancel --workspace-id 5967 --job-id d0b42e352f9141e39db274c5425d810a
Success: Submitted the job to run!
Success: Submitted the job to run!
╔══════════════╤══════════════════════════════════╗
║ Workspace ID │ Job ID                           ║
╟──────────────┼──────────────────────────────────╢
║ 5967         │ ced59502287142cd92e8a355f9295d07 ║
╚══════════════╧══════════════════════════════════╝

Useful commands:
status : polly jobs status --workspace-id 5967 --job-id ced59502287142cd92e8a355f9295d07
logs   : polly jobs logs --workspace-id 5967 --job-id ced59502287142cd92e8a355f9295d07
cancel : polly jobs cancel --workspace-id 5967 --job-id ced59502287142cd92e8a355f9295d07
╔══════════════╤══════════════════════════════════╗
║ Workspace ID │ Job ID                           ║
╟──────────────┼──────────────────────────────────╢
║ 5967         │ 9e7fb58df1f64c7f8f93371e223dfe06 ║
╚══════════════╧══════════════════════════════════╝

Useful commands:
status : polly jobs status --workspace-id 5967 --job-id 9e7fb58df1f64c7f8f93371e223dfe06
logs   : polly jobs logs --workspace-id 5967 --job-id 9e7fb58df1f64c7f8f93371e223dfe06
cancel : polly jobs cancel --workspace-id 5967 --job-id 9e7fb58df1f64c7f8f93371e223dfe06
Success: Submitted the job to run!
╔══════════════╤══════════════════════════════════╗
║ Workspace ID │ Job ID                           ║
╟──────────────┼──────────────────────────────────╢
║ 5967         │ aca8824939104d6c91dc682132525ed9 ║
╚══════════════╧══════════════════════════════════╝

Useful commands:
status : polly jobs status --workspace-id 5967 --job-id aca8824939104d6c91dc682132525ed9
logs   : polly jobs logs --workspace-id 5967 --job-id aca8824939104d6c91dc682132525ed9
cancel : polly jobs cancel --workspace-id 5967 --job-id aca8824939104d6c91dc682132525ed9
Success: Submitted the job to run!
╔══════════════╤══════════════════════════════════╗
║ Workspace ID │ Job ID                           ║
╟──────────────┼──────────────────────────────────╢
║ 5967         │ 13422d0a39674d4f8e0ff580ec82a38f ║
╚══════════════╧══════════════════════════════════╝

Useful commands:
status : polly jobs status --workspace-id 5967 --job-id 13422d0a39674d4f8e0ff580ec82a38f
logs   : polly jobs logs --workspace-id 5967 --job-id 13422d0a39674d4f8e0ff580ec82a38f
cancel : polly jobs cancel --workspace-id 5967 --job-id 13422d0a39674d4f8e0ff580ec82a38f
Success: Submitted the job to run!
╔══════════════╤══════════════════════════════════╗
║ Workspace ID │ Job ID                           ║
╟──────────────┼──────────────────────────────────╢
║ 5967         │ 0fb031e43188488a86bef5f18df0cb84 ║
╚══════════════╧══════════════════════════════════╝

Useful commands:
status : polly jobs status --workspace-id 5967 --job-id 0fb031e43188488a86bef5f18df0cb84
logs   : polly jobs logs --workspace-id 5967 --job-id 0fb031e43188488a86bef5f18df0cb84
cancel : polly jobs cancel --workspace-id 5967 --job-id 0fb031e43188488a86bef5f18df0cb84
Success: Submitted the job to run!
╔══════════════╤══════════════════════════════════╗
║ Workspace ID │ Job ID                           ║
╟──────────────┼──────────────────────────────────╢
║ 5967         │ 51b4052b04d3404b8a5d98bca469405e ║
╚══════════════╧══════════════════════════════════╝

Useful commands:
status : polly jobs status --workspace-id 5967 --job-id 51b4052b04d3404b8a5d98bca469405e
logs   : polly jobs logs --workspace-id 5967 --job-id 51b4052b04d3404b8a5d98bca469405e
cancel : polly jobs cancel --workspace-id 5967 --job-id 51b4052b04d3404b8a5d98bca469405e
Success: Submitted the job to run!
╔══════════════╤══════════════════════════════════╗
║ Workspace ID │ Job ID                           ║
╟──────────────┼──────────────────────────────────╢
║ 5967         │ 7fab5362d0bb48ff87cd2281c12276da ║
╚══════════════╧══════════════════════════════════╝

Useful commands:
status : polly jobs status --workspace-id 5967 --job-id 7fab5362d0bb48ff87cd2281c12276da
logs   : polly jobs logs --workspace-id 5967 --job-id 7fab5362d0bb48ff87cd2281c12276da
cancel : polly jobs cancel --workspace-id 5967 --job-id 7fab5362d0bb48ff87cd2281c12276da
Success: Submitted the job to run!
╔══════════════╤══════════════════════════════════╗
║ Workspace ID │ Job ID                           ║
╟──────────────┼──────────────────────────────────╢
║ 5967         │ e688bfde4e594f5aaae08b6ae64b1c4c ║
╚══════════════╧══════════════════════════════════╝

Useful commands:
status : polly jobs status --workspace-id 5967 --job-id e688bfde4e594f5aaae08b6ae64b1c4c
logs   : polly jobs logs --workspace-id 5967 --job-id e688bfde4e594f5aaae08b6ae64b1c4c
cancel : polly jobs cancel --workspace-id 5967 --job-id e688bfde4e594f5aaae08b6ae64b1c4c
Success: Submitted the job to run!
╔══════════════╤══════════════════════════════════╗
║ Workspace ID │ Job ID                           ║
╟──────────────┼──────────────────────────────────╢
║ 5967         │ 1abcf6b70b874913b508610d75742831 ║
╚══════════════╧══════════════════════════════════╝

Useful commands:
status : polly jobs status --workspace-id 5967 --job-id 1abcf6b70b874913b508610d75742831
logs   : polly jobs logs --workspace-id 5967 --job-id 1abcf6b70b874913b508610d75742831
cancel : polly jobs cancel --workspace-id 5967 --job-id 1abcf6b70b874913b508610d75742831
Success: Submitted the job to run!
╔══════════════╤══════════════════════════════════╗
║ Workspace ID │ Job ID                           ║
╟──────────────┼──────────────────────────────────╢
║ 5967         │ 527c06b98a884fe3a173dd4654559496 ║
╚══════════════╧══════════════════════════════════╝

Useful commands:
status : polly jobs status --workspace-id 5967 --job-id 527c06b98a884fe3a173dd4654559496
logs   : polly jobs logs --workspace-id 5967 --job-id 527c06b98a884fe3a173dd4654559496
cancel : polly jobs cancel --workspace-id 5967 --job-id 527c06b98a884fe3a173dd4654559496
Success: Submitted the job to run!
╔══════════════╤══════════════════════════════════╗
║ Workspace ID │ Job ID                           ║
╟──────────────┼──────────────────────────────────╢
║ 5967         │ 9c65e6a657704c8a844f7cbb38ad6b74 ║
╚══════════════╧══════════════════════════════════╝

Useful commands:
status : polly jobs status --workspace-id 5967 --job-id 9c65e6a657704c8a844f7cbb38ad6b74
logs   : polly jobs logs --workspace-id 5967 --job-id 9c65e6a657704c8a844f7cbb38ad6b74
cancel : polly jobs cancel --workspace-id 5967 --job-id 9c65e6a657704c8a844f7cbb38ad6b74
Success: Submitted the job to run!
╔══════════════╤══════════════════════════════════╗
║ Workspace ID │ Job ID                           ║
╟──────────────┼──────────────────────────────────╢
║ 5967         │ 51e38fca44a74827892d2e7fee3d6e7d ║
╚══════════════╧══════════════════════════════════╝

Useful commands:
status : polly jobs status --workspace-id 5967 --job-id 51e38fca44a74827892d2e7fee3d6e7d
logs   : polly jobs logs --workspace-id 5967 --job-id 51e38fca44a74827892d2e7fee3d6e7d
cancel : polly jobs cancel --workspace-id 5967 --job-id 51e38fca44a74827892d2e7fee3d6e7d
Success: Submitted the job to run!
╔══════════════╤══════════════════════════════════╗
║ Workspace ID │ Job ID                           ║
╟──────────────┼──────────────────────────────────╢
║ 5967         │ 532d2f72e2954fc4b1f265d3edf031b1 ║
╚══════════════╧══════════════════════════════════╝

Useful commands:
status : polly jobs status --workspace-id 5967 --job-id 532d2f72e2954fc4b1f265d3edf031b1
logs   : polly jobs logs --workspace-id 5967 --job-id 532d2f72e2954fc4b1f265d3edf031b1
cancel : polly jobs cancel --workspace-id 5967 --job-id 532d2f72e2954fc4b1f265d3edf031b1
Success: Submitted the job to run!
Success: Submitted the job to run!
╔══════════════╤══════════════════════════════════╗
║ Workspace ID │ Job ID                           ║
╟──────────────┼──────────────────────────────────╢
║ 5967         │ 689225e0a1f84c2abee7df16da9413b6 ║
╚══════════════╧══════════════════════════════════╝

Useful commands:
status : polly jobs status --workspace-id 5967 --job-id 689225e0a1f84c2abee7df16da9413b6
logs   : polly jobs logs --workspace-id 5967 --job-id 689225e0a1f84c2abee7df16da9413b6
cancel : polly jobs cancel --workspace-id 5967 --job-id 689225e0a1f84c2abee7df16da9413b6
╔══════════════╤══════════════════════════════════╗
║ Workspace ID │ Job ID                           ║
╟──────────────┼──────────────────────────────────╢
║ 5967         │ d356968151ad494c99a544fcffaae60c ║
╚══════════════╧══════════════════════════════════╝

Useful commands:
status : polly jobs status --workspace-id 5967 --job-id d356968151ad494c99a544fcffaae60c
logs   : polly jobs logs --workspace-id 5967 --job-id d356968151ad494c99a544fcffaae60c
cancel : polly jobs cancel --workspace-id 5967 --job-id d356968151ad494c99a544fcffaae60c
Success: Submitted the job to run!
╔══════════════╤══════════════════════════════════╗
║ Workspace ID │ Job ID                           ║
╟──────────────┼──────────────────────────────────╢
║ 5967         │ cfff2e10720a47ea9dabc54a40fb3ed6 ║
╚══════════════╧══════════════════════════════════╝

Useful commands:
status : polly jobs status --workspace-id 5967 --job-id cfff2e10720a47ea9dabc54a40fb3ed6
logs   : polly jobs logs --workspace-id 5967 --job-id cfff2e10720a47ea9dabc54a40fb3ed6
cancel : polly jobs cancel --workspace-id 5967 --job-id cfff2e10720a47ea9dabc54a40fb3ed6
Success: Submitted the job to run!
╔══════════════╤══════════════════════════════════╗
║ Workspace ID │ Job ID                           ║
╟──────────────┼──────────────────────────────────╢
║ 5967         │ 32d5536456d34bf6a6d6debff9263973 ║
╚══════════════╧══════════════════════════════════╝

Useful commands:
status : polly jobs status --workspace-id 5967 --job-id 32d5536456d34bf6a6d6debff9263973
logs   : polly jobs logs --workspace-id 5967 --job-id 32d5536456d34bf6a6d6debff9263973
cancel : polly jobs cancel --workspace-id 5967 --job-id 32d5536456d34bf6a6d6debff9263973
Success: Submitted the job to run!
╔══════════════╤══════════════════════════════════╗
║ Workspace ID │ Job ID                           ║
╟──────────────┼──────────────────────────────────╢
║ 5967         │ 1e9f71b4a62942d7b3ed1e204ab21103 ║
╚══════════════╧══════════════════════════════════╝

Useful commands:
status : polly jobs status --workspace-id 5967 --job-id 1e9f71b4a62942d7b3ed1e204ab21103
logs   : polly jobs logs --workspace-id 5967 --job-id 1e9f71b4a62942d7b3ed1e204ab21103
cancel : polly jobs cancel --workspace-id 5967 --job-id 1e9f71b4a62942d7b3ed1e204ab21103
Success: Submitted the job to run!
╔══════════════╤══════════════════════════════════╗
║ Workspace ID │ Job ID                           ║
╟──────────────┼──────────────────────────────────╢
║ 5967         │ ca70d7650d7044d0b9fc8e81e36120fa ║
╚══════════════╧══════════════════════════════════╝

Useful commands:
status : polly jobs status --workspace-id 5967 --job-id ca70d7650d7044d0b9fc8e81e36120fa
logs   : polly jobs logs --workspace-id 5967 --job-id ca70d7650d7044d0b9fc8e81e36120fa
cancel : polly jobs cancel --workspace-id 5967 --job-id ca70d7650d7044d0b9fc8e81e36120fa
Success: Submitted the job to run!
╔══════════════╤══════════════════════════════════╗
║ Workspace ID │ Job ID                           ║
╟──────────────┼──────────────────────────────────╢
║ 5967         │ 55ac4526fb0f4cfcb25f719f4a260f7c ║
╚══════════════╧══════════════════════════════════╝

Useful commands:
status : polly jobs status --workspace-id 5967 --job-id 55ac4526fb0f4cfcb25f719f4a260f7c
logs   : polly jobs logs --workspace-id 5967 --job-id 55ac4526fb0f4cfcb25f719f4a260f7c
cancel : polly jobs cancel --workspace-id 5967 --job-id 55ac4526fb0f4cfcb25f719f4a260f7c
Success: Submitted the job to run!
╔══════════════╤══════════════════════════════════╗
║ Workspace ID │ Job ID                           ║
╟──────────────┼──────────────────────────────────╢
║ 5967         │ 24b02719d37945a48dab8b0357322d48 ║
╚══════════════╧══════════════════════════════════╝

Useful commands:
status : polly jobs status --workspace-id 5967 --job-id 24b02719d37945a48dab8b0357322d48
logs   : polly jobs logs --workspace-id 5967 --job-id 24b02719d37945a48dab8b0357322d48
cancel : polly jobs cancel --workspace-id 5967 --job-id 24b02719d37945a48dab8b0357322d48
Success: Submitted the job to run!
╔══════════════╤══════════════════════════════════╗
║ Workspace ID │ Job ID                           ║
╟──────────────┼──────────────────────────────────╢
║ 5967         │ ce4d876e9e3041d993fbb34d044dc387 ║
╚══════════════╧══════════════════════════════════╝

Useful commands:
status : polly jobs status --workspace-id 5967 --job-id ce4d876e9e3041d993fbb34d044dc387
logs   : polly jobs logs --workspace-id 5967 --job-id ce4d876e9e3041d993fbb34d044dc387
cancel : polly jobs cancel --workspace-id 5967 --job-id ce4d876e9e3041d993fbb34d044dc387
Success: Submitted the job to run!
╔══════════════╤══════════════════════════════════╗
║ Workspace ID │ Job ID                           ║
╟──────────────┼──────────────────────────────────╢
║ 5967         │ 0fa4cc54bc64410780ccd88b740b9455 ║
╚══════════════╧══════════════════════════════════╝

Useful commands:
status : polly jobs status --workspace-id 5967 --job-id 0fa4cc54bc64410780ccd88b740b9455
logs   : polly jobs logs --workspace-id 5967 --job-id 0fa4cc54bc64410780ccd88b740b9455
cancel : polly jobs cancel --workspace-id 5967 --job-id 0fa4cc54bc64410780ccd88b740b9455
Success: Submitted the job to run!
╔══════════════╤══════════════════════════════════╗
║ Workspace ID │ Job ID                           ║
╟──────────────┼──────────────────────────────────╢
║ 5967         │ 7e00086f4027467eb95e51650c604786 ║
╚══════════════╧══════════════════════════════════╝

Useful commands:
status : polly jobs status --workspace-id 5967 --job-id 7e00086f4027467eb95e51650c604786
logs   : polly jobs logs --workspace-id 5967 --job-id 7e00086f4027467eb95e51650c604786
cancel : polly jobs cancel --workspace-id 5967 --job-id 7e00086f4027467eb95e51650c604786
Success: Submitted the job to run!
╔══════════════╤══════════════════════════════════╗
║ Workspace ID │ Job ID                           ║
╟──────────────┼──────────────────────────────────╢
║ 5967         │ a99725849c26483b99af31816b32950f ║
╚══════════════╧══════════════════════════════════╝

Useful commands:
status : polly jobs status --workspace-id 5967 --job-id a99725849c26483b99af31816b32950f
logs   : polly jobs logs --workspace-id 5967 --job-id a99725849c26483b99af31816b32950f
cancel : polly jobs cancel --workspace-id 5967 --job-id a99725849c26483b99af31816b32950f
Success: Submitted the job to run!
╔══════════════╤══════════════════════════════════╗
║ Workspace ID │ Job ID                           ║
╟──────────────┼──────────────────────────────────╢
║ 5967         │ 1305fd280bf8463c81c63eac7bf33d78 ║
╚══════════════╧══════════════════════════════════╝

Useful commands:
status : polly jobs status --workspace-id 5967 --job-id 1305fd280bf8463c81c63eac7bf33d78
logs   : polly jobs logs --workspace-id 5967 --job-id 1305fd280bf8463c81c63eac7bf33d78
cancel : polly jobs cancel --workspace-id 5967 --job-id 1305fd280bf8463c81c63eac7bf33d78
Success: Submitted the job to run!
╔══════════════╤══════════════════════════════════╗
║ Workspace ID │ Job ID                           ║
╟──────────────┼──────────────────────────────────╢
║ 5967         │ 01901433c0c64ba6aa52fba944bbd987 ║
╚══════════════╧══════════════════════════════════╝

Useful commands:
status : polly jobs status --workspace-id 5967 --job-id 01901433c0c64ba6aa52fba944bbd987
logs   : polly jobs logs --workspace-id 5967 --job-id 01901433c0c64ba6aa52fba944bbd987
cancel : polly jobs cancel --workspace-id 5967 --job-id 01901433c0c64ba6aa52fba944bbd987
Success: Submitted the job to run!
╔══════════════╤══════════════════════════════════╗
║ Workspace ID │ Job ID                           ║
╟──────────────┼──────────────────────────────────╢
║ 5967         │ 53005f9ebb3c466ea39738df809130c0 ║
╚══════════════╧══════════════════════════════════╝

Useful commands:
status : polly jobs status --workspace-id 5967 --job-id 53005f9ebb3c466ea39738df809130c0
logs   : polly jobs logs --workspace-id 5967 --job-id 53005f9ebb3c466ea39738df809130c0
cancel : polly jobs cancel --workspace-id 5967 --job-id 53005f9ebb3c466ea39738df809130c0
Success: Submitted the job to run!
╔══════════════╤══════════════════════════════════╗
║ Workspace ID │ Job ID                           ║
╟──────────────┼──────────────────────────────────╢
║ 5967         │ df90184b2c7a4f9688726944b66e9231 ║
╚══════════════╧══════════════════════════════════╝

Useful commands:
status : polly jobs status --workspace-id 5967 --job-id df90184b2c7a4f9688726944b66e9231
logs   : polly jobs logs --workspace-id 5967 --job-id df90184b2c7a4f9688726944b66e9231
cancel : polly jobs cancel --workspace-id 5967 --job-id df90184b2c7a4f9688726944b66e9231
Success: Submitted the job to run!
╔══════════════╤══════════════════════════════════╗
║ Workspace ID │ Job ID                           ║
╟──────────────┼──────────────────────────────────╢
║ 5967         │ b246d5ca0f2a47bd9e071d16ec397017 ║
╚══════════════╧══════════════════════════════════╝

Useful commands:
status : polly jobs status --workspace-id 5967 --job-id b246d5ca0f2a47bd9e071d16ec397017
logs   : polly jobs logs --workspace-id 5967 --job-id b246d5ca0f2a47bd9e071d16ec397017
cancel : polly jobs cancel --workspace-id 5967 --job-id b246d5ca0f2a47bd9e071d16ec397017
Success: Submitted the job to run!
╔══════════════╤══════════════════════════════════╗
║ Workspace ID │ Job ID                           ║
╟──────────────┼──────────────────────────────────╢
║ 5967         │ 0d492a1f11674d7f9ab25bebcea33633 ║
╚══════════════╧══════════════════════════════════╝

Useful commands:
status : polly jobs status --workspace-id 5967 --job-id 0d492a1f11674d7f9ab25bebcea33633
logs   : polly jobs logs --workspace-id 5967 --job-id 0d492a1f11674d7f9ab25bebcea33633
cancel : polly jobs cancel --workspace-id 5967 --job-id 0d492a1f11674d7f9ab25bebcea33633
Success: Submitted the job to run!
╔══════════════╤══════════════════════════════════╗
║ Workspace ID │ Job ID                           ║
╟──────────────┼──────────────────────────────────╢
║ 5967         │ d416ae0a00364051937ea53b8f12f616 ║
╚══════════════╧══════════════════════════════════╝

Useful commands:
status : polly jobs status --workspace-id 5967 --job-id d416ae0a00364051937ea53b8f12f616
logs   : polly jobs logs --workspace-id 5967 --job-id d416ae0a00364051937ea53b8f12f616
cancel : polly jobs cancel --workspace-id 5967 --job-id d416ae0a00364051937ea53b8f12f616
Success: Submitted the job to run!
╔══════════════╤══════════════════════════════════╗
║ Workspace ID │ Job ID                           ║
╟──────────────┼──────────────────────────────────╢
║ 5967         │ 5b7861ea28834b0db6dbfa8718270225 ║
╚══════════════╧══════════════════════════════════╝

Useful commands:
status : polly jobs status --workspace-id 5967 --job-id 5b7861ea28834b0db6dbfa8718270225
logs   : polly jobs logs --workspace-id 5967 --job-id 5b7861ea28834b0db6dbfa8718270225
cancel : polly jobs cancel --workspace-id 5967 --job-id 5b7861ea28834b0db6dbfa8718270225
Success: Submitted the job to run!
╔══════════════╤══════════════════════════════════╗
║ Workspace ID │ Job ID                           ║
╟──────────────┼──────────────────────────────────╢
║ 5967         │ e3ebda24ec5e41b79325ae17392472d7 ║
╚══════════════╧══════════════════════════════════╝

Useful commands:
status : polly jobs status --workspace-id 5967 --job-id e3ebda24ec5e41b79325ae17392472d7
logs   : polly jobs logs --workspace-id 5967 --job-id e3ebda24ec5e41b79325ae17392472d7
cancel : polly jobs cancel --workspace-id 5967 --job-id e3ebda24ec5e41b79325ae17392472d7
Success: Submitted the job to run!
╔══════════════╤══════════════════════════════════╗
║ Workspace ID │ Job ID                           ║
╟──────────────┼──────────────────────────────────╢
║ 5967         │ 88a01bf2a6bc4e71be1d2faef5a6a149 ║
╚══════════════╧══════════════════════════════════╝

Useful commands:
status : polly jobs status --workspace-id 5967 --job-id 88a01bf2a6bc4e71be1d2faef5a6a149
logs   : polly jobs logs --workspace-id 5967 --job-id 88a01bf2a6bc4e71be1d2faef5a6a149
cancel : polly jobs cancel --workspace-id 5967 --job-id 88a01bf2a6bc4e71be1d2faef5a6a149
Success: Submitted the job to run!
╔══════════════╤══════════════════════════════════╗
║ Workspace ID │ Job ID                           ║
╟──────────────┼──────────────────────────────────╢
║ 5967         │ 8338ab67e6324b838bfe379c4cb078cb ║
╚══════════════╧══════════════════════════════════╝

Useful commands:
status : polly jobs status --workspace-id 5967 --job-id 8338ab67e6324b838bfe379c4cb078cb
logs   : polly jobs logs --workspace-id 5967 --job-id 8338ab67e6324b838bfe379c4cb078cb
cancel : polly jobs cancel --workspace-id 5967 --job-id 8338ab67e6324b838bfe379c4cb078cb
Success: Submitted the job to run!
╔══════════════╤══════════════════════════════════╗
║ Workspace ID │ Job ID                           ║
╟──────────────┼──────────────────────────────────╢
║ 5967         │ 9ea715609d83446288d5ea3263020711 ║
╚══════════════╧══════════════════════════════════╝

Useful commands:
status : polly jobs status --workspace-id 5967 --job-id 9ea715609d83446288d5ea3263020711
logs   : polly jobs logs --workspace-id 5967 --job-id 9ea715609d83446288d5ea3263020711
cancel : polly jobs cancel --workspace-id 5967 --job-id 9ea715609d83446288d5ea3263020711
Success: Submitted the job to run!
╔══════════════╤══════════════════════════════════╗
║ Workspace ID │ Job ID                           ║
╟──────────────┼──────────────────────────────────╢
║ 5967         │ 690f24a8ae674644ad3f87be0e33e687 ║
╚══════════════╧══════════════════════════════════╝

Useful commands:
status : polly jobs status --workspace-id 5967 --job-id 690f24a8ae674644ad3f87be0e33e687
logs   : polly jobs logs --workspace-id 5967 --job-id 690f24a8ae674644ad3f87be0e33e687
cancel : polly jobs cancel --workspace-id 5967 --job-id 690f24a8ae674644ad3f87be0e33e687
Success: Submitted the job to run!
╔══════════════╤══════════════════════════════════╗
║ Workspace ID │ Job ID                           ║
╟──────────────┼──────────────────────────────────╢
║ 5967         │ a5d330173df2476d8edbb9f6c618abd5 ║
╚══════════════╧══════════════════════════════════╝

Useful commands:
status : polly jobs status --workspace-id 5967 --job-id a5d330173df2476d8edbb9f6c618abd5
logs   : polly jobs logs --workspace-id 5967 --job-id a5d330173df2476d8edbb9f6c618abd5
cancel : polly jobs cancel --workspace-id 5967 --job-id a5d330173df2476d8edbb9f6c618abd5
Success: Submitted the job to run!
╔══════════════╤══════════════════════════════════╗
║ Workspace ID │ Job ID                           ║
╟──────────────┼──────────────────────────────────╢
║ 5967         │ a40d396235cd4ba9aeaae75c9216fa49 ║
╚══════════════╧══════════════════════════════════╝

Useful commands:
status : polly jobs status --workspace-id 5967 --job-id a40d396235cd4ba9aeaae75c9216fa49
logs   : polly jobs logs --workspace-id 5967 --job-id a40d396235cd4ba9aeaae75c9216fa49
cancel : polly jobs cancel --workspace-id 5967 --job-id a40d396235cd4ba9aeaae75c9216fa49
Success: Submitted the job to run!
╔══════════════╤══════════════════════════════════╗
║ Workspace ID │ Job ID                           ║
╟──────────────┼──────────────────────────────────╢
║ 5967         │ 891bb69d33cd457d974d42ed7142b8a2 ║
╚══════════════╧══════════════════════════════════╝

Useful commands:
status : polly jobs status --workspace-id 5967 --job-id 891bb69d33cd457d974d42ed7142b8a2
logs   : polly jobs logs --workspace-id 5967 --job-id 891bb69d33cd457d974d42ed7142b8a2
cancel : polly jobs cancel --workspace-id 5967 --job-id 891bb69d33cd457d974d42ed7142b8a2
Success: Submitted the job to run!
╔══════════════╤══════════════════════════════════╗
║ Workspace ID │ Job ID                           ║
╟──────────────┼──────────────────────────────────╢
║ 5967         │ 51ca3e21d4334ab6a285af8748d2d485 ║
╚══════════════╧══════════════════════════════════╝

Useful commands:
status : polly jobs status --workspace-id 5967 --job-id 51ca3e21d4334ab6a285af8748d2d485
logs   : polly jobs logs --workspace-id 5967 --job-id 51ca3e21d4334ab6a285af8748d2d485
cancel : polly jobs cancel --workspace-id 5967 --job-id 51ca3e21d4334ab6a285af8748d2d485
