Success: Submitted the job to run!
╔══════════════╤══════════════════════════════════╗
║ Workspace ID │ Job ID                           ║
╟──────────────┼──────────────────────────────────╢
║ 5967         │ 7a38e43529634d01bf3c1ebd4aa4e355 ║
╚══════════════╧══════════════════════════════════╝

Useful commands:
status : polly jobs status --workspace-id 5967 --job-id 7a38e43529634d01bf3c1ebd4aa4e355
logs   : polly jobs logs --workspace-id 5967 --job-id 7a38e43529634d01bf3c1ebd4aa4e355
cancel : polly jobs cancel --workspace-id 5967 --job-id 7a38e43529634d01bf3c1ebd4aa4e355
Success: Submitted the job to run!
╔══════════════╤══════════════════════════════════╗
║ Workspace ID │ Job ID                           ║
╟──────────────┼──────────────────────────────────╢
║ 5967         │ 71bfba8f1d8f4c8ba6bb6bfd5f619c65 ║
╚══════════════╧══════════════════════════════════╝

Useful commands:
status : polly jobs status --workspace-id 5967 --job-id 71bfba8f1d8f4c8ba6bb6bfd5f619c65
logs   : polly jobs logs --workspace-id 5967 --job-id 71bfba8f1d8f4c8ba6bb6bfd5f619c65
cancel : polly jobs cancel --workspace-id 5967 --job-id 71bfba8f1d8f4c8ba6bb6bfd5f619c65
Success: Submitted the job to run!
╔══════════════╤══════════════════════════════════╗
║ Workspace ID │ Job ID                           ║
╟──────────────┼──────────────────────────────────╢
║ 5967         │ 6fb7e9898804494d9b3299b7687231e5 ║
╚══════════════╧══════════════════════════════════╝

Useful commands:
status : polly jobs status --workspace-id 5967 --job-id 6fb7e9898804494d9b3299b7687231e5
logs   : polly jobs logs --workspace-id 5967 --job-id 6fb7e9898804494d9b3299b7687231e5
cancel : polly jobs cancel --workspace-id 5967 --job-id 6fb7e9898804494d9b3299b7687231e5
Success: Submitted the job to run!
╔══════════════╤══════════════════════════════════╗
║ Workspace ID │ Job ID                           ║
╟──────────────┼──────────────────────────────────╢
║ 5967         │ a764e9064626474a960c20e7bc13e0cf ║
╚══════════════╧══════════════════════════════════╝

Useful commands:
status : polly jobs status --workspace-id 5967 --job-id a764e9064626474a960c20e7bc13e0cf
logs   : polly jobs logs --workspace-id 5967 --job-id a764e9064626474a960c20e7bc13e0cf
cancel : polly jobs cancel --workspace-id 5967 --job-id a764e9064626474a960c20e7bc13e0cf
Success: Submitted the job to run!
╔══════════════╤══════════════════════════════════╗
║ Workspace ID │ Job ID                           ║
╟──────────────┼──────────────────────────────────╢
║ 5967         │ 13539aa3d2d4432ebd67ed4aa8d7f72a ║
╚══════════════╧══════════════════════════════════╝

Useful commands:
status : polly jobs status --workspace-id 5967 --job-id 13539aa3d2d4432ebd67ed4aa8d7f72a
logs   : polly jobs logs --workspace-id 5967 --job-id 13539aa3d2d4432ebd67ed4aa8d7f72a
cancel : polly jobs cancel --workspace-id 5967 --job-id 13539aa3d2d4432ebd67ed4aa8d7f72a
Success: Submitted the job to run!
╔══════════════╤══════════════════════════════════╗
║ Workspace ID │ Job ID                           ║
╟──────────────┼──────────────────────────────────╢
║ 5967         │ af4a90ff6a224950b84709eab23e9af5 ║
╚══════════════╧══════════════════════════════════╝

Useful commands:
status : polly jobs status --workspace-id 5967 --job-id af4a90ff6a224950b84709eab23e9af5
logs   : polly jobs logs --workspace-id 5967 --job-id af4a90ff6a224950b84709eab23e9af5
cancel : polly jobs cancel --workspace-id 5967 --job-id af4a90ff6a224950b84709eab23e9af5
Success: Submitted the job to run!
╔══════════════╤══════════════════════════════════╗
║ Workspace ID │ Job ID                           ║
╟──────────────┼──────────────────────────────────╢
║ 5967         │ 0434c3972d884002b0d46c62c03b769c ║
╚══════════════╧══════════════════════════════════╝

Useful commands:
status : polly jobs status --workspace-id 5967 --job-id 0434c3972d884002b0d46c62c03b769c
logs   : polly jobs logs --workspace-id 5967 --job-id 0434c3972d884002b0d46c62c03b769c
cancel : polly jobs cancel --workspace-id 5967 --job-id 0434c3972d884002b0d46c62c03b769c
Success: Submitted the job to run!
╔══════════════╤══════════════════════════════════╗
║ Workspace ID │ Job ID                           ║
╟──────────────┼──────────────────────────────────╢
║ 5967         │ c019bc74819c415ba48829a914082c0b ║
╚══════════════╧══════════════════════════════════╝

Useful commands:
status : polly jobs status --workspace-id 5967 --job-id c019bc74819c415ba48829a914082c0b
logs   : polly jobs logs --workspace-id 5967 --job-id c019bc74819c415ba48829a914082c0b
cancel : polly jobs cancel --workspace-id 5967 --job-id c019bc74819c415ba48829a914082c0b
Success: Submitted the job to run!
╔══════════════╤══════════════════════════════════╗
║ Workspace ID │ Job ID                           ║
╟──────────────┼──────────────────────────────────╢
║ 5967         │ 27d59356a71244bc919f058fca59f968 ║
╚══════════════╧══════════════════════════════════╝

Useful commands:
status : polly jobs status --workspace-id 5967 --job-id 27d59356a71244bc919f058fca59f968
logs   : polly jobs logs --workspace-id 5967 --job-id 27d59356a71244bc919f058fca59f968
cancel : polly jobs cancel --workspace-id 5967 --job-id 27d59356a71244bc919f058fca59f968
Success: Submitted the job to run!
╔══════════════╤══════════════════════════════════╗
║ Workspace ID │ Job ID                           ║
╟──────────────┼──────────────────────────────────╢
║ 5967         │ ea55eb6956b54ce9b38640fba738d0fc ║
╚══════════════╧══════════════════════════════════╝

Useful commands:
status : polly jobs status --workspace-id 5967 --job-id ea55eb6956b54ce9b38640fba738d0fc
logs   : polly jobs logs --workspace-id 5967 --job-id ea55eb6956b54ce9b38640fba738d0fc
cancel : polly jobs cancel --workspace-id 5967 --job-id ea55eb6956b54ce9b38640fba738d0fc
Success: Submitted the job to run!
╔══════════════╤══════════════════════════════════╗
║ Workspace ID │ Job ID                           ║
╟──────────────┼──────────────────────────────────╢
║ 5967         │ 78853835ca5742579e6c04d5653bc10b ║
╚══════════════╧══════════════════════════════════╝

Useful commands:
status : polly jobs status --workspace-id 5967 --job-id 78853835ca5742579e6c04d5653bc10b
logs   : polly jobs logs --workspace-id 5967 --job-id 78853835ca5742579e6c04d5653bc10b
cancel : polly jobs cancel --workspace-id 5967 --job-id 78853835ca5742579e6c04d5653bc10b
Success: Submitted the job to run!
╔══════════════╤══════════════════════════════════╗
║ Workspace ID │ Job ID                           ║
╟──────────────┼──────────────────────────────────╢
║ 5967         │ c8c0b5645d9449edb199c1baa2bcf987 ║
╚══════════════╧══════════════════════════════════╝

Useful commands:
status : polly jobs status --workspace-id 5967 --job-id c8c0b5645d9449edb199c1baa2bcf987
logs   : polly jobs logs --workspace-id 5967 --job-id c8c0b5645d9449edb199c1baa2bcf987
cancel : polly jobs cancel --workspace-id 5967 --job-id c8c0b5645d9449edb199c1baa2bcf987
Success: Submitted the job to run!
Success: Submitted the job to run!
╔══════════════╤══════════════════════════════════╗
║ Workspace ID │ Job ID                           ║
╟──────────────┼──────────────────────────────────╢
║ 5967         │ 75dd254e8aab4da7934326ff01c9a655 ║
╚══════════════╧══════════════════════════════════╝

Useful commands:
status : polly jobs status --workspace-id 5967 --job-id 75dd254e8aab4da7934326ff01c9a655
logs   : polly jobs logs --workspace-id 5967 --job-id 75dd254e8aab4da7934326ff01c9a655
cancel : polly jobs cancel --workspace-id 5967 --job-id 75dd254e8aab4da7934326ff01c9a655
╔══════════════╤══════════════════════════════════╗
║ Workspace ID │ Job ID                           ║
╟──────────────┼──────────────────────────────────╢
║ 5967         │ 260171689c524ba39be3ab20b9806149 ║
╚══════════════╧══════════════════════════════════╝

Useful commands:
status : polly jobs status --workspace-id 5967 --job-id 260171689c524ba39be3ab20b9806149
logs   : polly jobs logs --workspace-id 5967 --job-id 260171689c524ba39be3ab20b9806149
cancel : polly jobs cancel --workspace-id 5967 --job-id 260171689c524ba39be3ab20b9806149
Success: Submitted the job to run!
╔══════════════╤══════════════════════════════════╗
║ Workspace ID │ Job ID                           ║
╟──────────────┼──────────────────────────────────╢
║ 5967         │ c566ccae99b94089908fbb10ecb34e8a ║
╚══════════════╧══════════════════════════════════╝

Useful commands:
status : polly jobs status --workspace-id 5967 --job-id c566ccae99b94089908fbb10ecb34e8a
logs   : polly jobs logs --workspace-id 5967 --job-id c566ccae99b94089908fbb10ecb34e8a
cancel : polly jobs cancel --workspace-id 5967 --job-id c566ccae99b94089908fbb10ecb34e8a
Success: Submitted the job to run!
╔══════════════╤══════════════════════════════════╗
║ Workspace ID │ Job ID                           ║
╟──────────────┼──────────────────────────────────╢
║ 5967         │ 60f803eaecc54251bf912254ff246424 ║
╚══════════════╧══════════════════════════════════╝

Useful commands:
status : polly jobs status --workspace-id 5967 --job-id 60f803eaecc54251bf912254ff246424
logs   : polly jobs logs --workspace-id 5967 --job-id 60f803eaecc54251bf912254ff246424
cancel : polly jobs cancel --workspace-id 5967 --job-id 60f803eaecc54251bf912254ff246424
Success: Submitted the job to run!
Success: Submitted the job to run!
╔══════════════╤══════════════════════════════════╗
║ Workspace ID │ Job ID                           ║
╟──────────────┼──────────────────────────────────╢
║ 5967         │ d19543de9de8445f9d5b34fbd83c71db ║
╚══════════════╧══════════════════════════════════╝

Useful commands:
status : polly jobs status --workspace-id 5967 --job-id d19543de9de8445f9d5b34fbd83c71db
logs   : polly jobs logs --workspace-id 5967 --job-id d19543de9de8445f9d5b34fbd83c71db
cancel : polly jobs cancel --workspace-id 5967 --job-id d19543de9de8445f9d5b34fbd83c71db
╔══════════════╤══════════════════════════════════╗
║ Workspace ID │ Job ID                           ║
╟──────────────┼──────────────────────────────────╢
║ 5967         │ c1453a181992479586b2f2af66aece21 ║
╚══════════════╧══════════════════════════════════╝

Useful commands:
status : polly jobs status --workspace-id 5967 --job-id c1453a181992479586b2f2af66aece21
logs   : polly jobs logs --workspace-id 5967 --job-id c1453a181992479586b2f2af66aece21
cancel : polly jobs cancel --workspace-id 5967 --job-id c1453a181992479586b2f2af66aece21
Success: Submitted the job to run!
Success: Submitted the job to run!
╔══════════════╤══════════════════════════════════╗
║ Workspace ID │ Job ID                           ║
╟──────────────┼──────────────────────────────────╢
║ 5967         │ 522c4479afce463db454a5aeb61b9231 ║
╚══════════════╧══════════════════════════════════╝

Useful commands:
status : polly jobs status --workspace-id 5967 --job-id 522c4479afce463db454a5aeb61b9231
logs   : polly jobs logs --workspace-id 5967 --job-id 522c4479afce463db454a5aeb61b9231
cancel : polly jobs cancel --workspace-id 5967 --job-id 522c4479afce463db454a5aeb61b9231
╔══════════════╤══════════════════════════════════╗
║ Workspace ID │ Job ID                           ║
╟──────────────┼──────────────────────────────────╢
║ 5967         │ b37f5faa22a8458bb7cacf002ea5c11a ║
╚══════════════╧══════════════════════════════════╝

Useful commands:
status : polly jobs status --workspace-id 5967 --job-id b37f5faa22a8458bb7cacf002ea5c11a
logs   : polly jobs logs --workspace-id 5967 --job-id b37f5faa22a8458bb7cacf002ea5c11a
cancel : polly jobs cancel --workspace-id 5967 --job-id b37f5faa22a8458bb7cacf002ea5c11a
Success: Submitted the job to run!
╔══════════════╤══════════════════════════════════╗
║ Workspace ID │ Job ID                           ║
╟──────────────┼──────────────────────────────────╢
║ 5967         │ 5bfe27567c3f457db60d4f4f65ee8840 ║
╚══════════════╧══════════════════════════════════╝

Useful commands:
status : polly jobs status --workspace-id 5967 --job-id 5bfe27567c3f457db60d4f4f65ee8840
logs   : polly jobs logs --workspace-id 5967 --job-id 5bfe27567c3f457db60d4f4f65ee8840
cancel : polly jobs cancel --workspace-id 5967 --job-id 5bfe27567c3f457db60d4f4f65ee8840
Success: Submitted the job to run!
╔══════════════╤══════════════════════════════════╗
║ Workspace ID │ Job ID                           ║
╟──────────────┼──────────────────────────────────╢
║ 5967         │ bcac9853e01b44fb9ab65b47bf79bc08 ║
╚══════════════╧══════════════════════════════════╝

Useful commands:
status : polly jobs status --workspace-id 5967 --job-id bcac9853e01b44fb9ab65b47bf79bc08
logs   : polly jobs logs --workspace-id 5967 --job-id bcac9853e01b44fb9ab65b47bf79bc08
cancel : polly jobs cancel --workspace-id 5967 --job-id bcac9853e01b44fb9ab65b47bf79bc08
Success: Submitted the job to run!
╔══════════════╤══════════════════════════════════╗
║ Workspace ID │ Job ID                           ║
╟──────────────┼──────────────────────────────────╢
║ 5967         │ e164e6e1d3a94dffb48343734280888d ║
╚══════════════╧══════════════════════════════════╝

Useful commands:
status : polly jobs status --workspace-id 5967 --job-id e164e6e1d3a94dffb48343734280888d
logs   : polly jobs logs --workspace-id 5967 --job-id e164e6e1d3a94dffb48343734280888d
cancel : polly jobs cancel --workspace-id 5967 --job-id e164e6e1d3a94dffb48343734280888d
Success: Submitted the job to run!
╔══════════════╤══════════════════════════════════╗
║ Workspace ID │ Job ID                           ║
╟──────────────┼──────────────────────────────────╢
║ 5967         │ 5ff98c1f6a0a4b70b020f2d51c37c0df ║
╚══════════════╧══════════════════════════════════╝

Useful commands:
status : polly jobs status --workspace-id 5967 --job-id 5ff98c1f6a0a4b70b020f2d51c37c0df
logs   : polly jobs logs --workspace-id 5967 --job-id 5ff98c1f6a0a4b70b020f2d51c37c0df
cancel : polly jobs cancel --workspace-id 5967 --job-id 5ff98c1f6a0a4b70b020f2d51c37c0df
Success: Submitted the job to run!
╔══════════════╤══════════════════════════════════╗
║ Workspace ID │ Job ID                           ║
╟──────────────┼──────────────────────────────────╢
║ 5967         │ 93b0f346604a4748a0b6afea08cf239a ║
╚══════════════╧══════════════════════════════════╝

Useful commands:
status : polly jobs status --workspace-id 5967 --job-id 93b0f346604a4748a0b6afea08cf239a
logs   : polly jobs logs --workspace-id 5967 --job-id 93b0f346604a4748a0b6afea08cf239a
cancel : polly jobs cancel --workspace-id 5967 --job-id 93b0f346604a4748a0b6afea08cf239a
Success: Submitted the job to run!
╔══════════════╤══════════════════════════════════╗
║ Workspace ID │ Job ID                           ║
╟──────────────┼──────────────────────────────────╢
║ 5967         │ c52675bd8db449f9bb378ccaa73f6282 ║
╚══════════════╧══════════════════════════════════╝

Useful commands:
status : polly jobs status --workspace-id 5967 --job-id c52675bd8db449f9bb378ccaa73f6282
logs   : polly jobs logs --workspace-id 5967 --job-id c52675bd8db449f9bb378ccaa73f6282
cancel : polly jobs cancel --workspace-id 5967 --job-id c52675bd8db449f9bb378ccaa73f6282
Success: Submitted the job to run!
╔══════════════╤══════════════════════════════════╗
║ Workspace ID │ Job ID                           ║
╟──────────────┼──────────────────────────────────╢
║ 5967         │ 5b8949eb156448f5bfa2f53a3fdb4516 ║
╚══════════════╧══════════════════════════════════╝

Useful commands:
status : polly jobs status --workspace-id 5967 --job-id 5b8949eb156448f5bfa2f53a3fdb4516
logs   : polly jobs logs --workspace-id 5967 --job-id 5b8949eb156448f5bfa2f53a3fdb4516
cancel : polly jobs cancel --workspace-id 5967 --job-id 5b8949eb156448f5bfa2f53a3fdb4516
Success: Submitted the job to run!
╔══════════════╤══════════════════════════════════╗
║ Workspace ID │ Job ID                           ║
╟──────────────┼──────────────────────────────────╢
║ 5967         │ 46ba2eec6992406099dd87a6cef44699 ║
╚══════════════╧══════════════════════════════════╝

Useful commands:
status : polly jobs status --workspace-id 5967 --job-id 46ba2eec6992406099dd87a6cef44699
logs   : polly jobs logs --workspace-id 5967 --job-id 46ba2eec6992406099dd87a6cef44699
cancel : polly jobs cancel --workspace-id 5967 --job-id 46ba2eec6992406099dd87a6cef44699
Success: Submitted the job to run!
╔══════════════╤══════════════════════════════════╗
║ Workspace ID │ Job ID                           ║
╟──────────────┼──────────────────────────────────╢
║ 5967         │ 68c81342d2914f2a8cbfdf8bc8e276bc ║
╚══════════════╧══════════════════════════════════╝

Useful commands:
status : polly jobs status --workspace-id 5967 --job-id 68c81342d2914f2a8cbfdf8bc8e276bc
logs   : polly jobs logs --workspace-id 5967 --job-id 68c81342d2914f2a8cbfdf8bc8e276bc
cancel : polly jobs cancel --workspace-id 5967 --job-id 68c81342d2914f2a8cbfdf8bc8e276bc
Success: Submitted the job to run!
╔══════════════╤══════════════════════════════════╗
║ Workspace ID │ Job ID                           ║
╟──────────────┼──────────────────────────────────╢
║ 5967         │ bd2d72a248f44b8eb406267b080483b7 ║
╚══════════════╧══════════════════════════════════╝

Useful commands:
status : polly jobs status --workspace-id 5967 --job-id bd2d72a248f44b8eb406267b080483b7
logs   : polly jobs logs --workspace-id 5967 --job-id bd2d72a248f44b8eb406267b080483b7
cancel : polly jobs cancel --workspace-id 5967 --job-id bd2d72a248f44b8eb406267b080483b7
Success: Submitted the job to run!
╔══════════════╤══════════════════════════════════╗
║ Workspace ID │ Job ID                           ║
╟──────────────┼──────────────────────────────────╢
║ 5967         │ 6d873dc9140c469aa25f46d0caa068c0 ║
╚══════════════╧══════════════════════════════════╝

Useful commands:
status : polly jobs status --workspace-id 5967 --job-id 6d873dc9140c469aa25f46d0caa068c0
logs   : polly jobs logs --workspace-id 5967 --job-id 6d873dc9140c469aa25f46d0caa068c0
cancel : polly jobs cancel --workspace-id 5967 --job-id 6d873dc9140c469aa25f46d0caa068c0
Success: Submitted the job to run!
╔══════════════╤══════════════════════════════════╗
║ Workspace ID │ Job ID                           ║
╟──────────────┼──────────────────────────────────╢
║ 5967         │ a4c7bdc207cd4003963a1e308b4198cb ║
╚══════════════╧══════════════════════════════════╝

Useful commands:
status : polly jobs status --workspace-id 5967 --job-id a4c7bdc207cd4003963a1e308b4198cb
logs   : polly jobs logs --workspace-id 5967 --job-id a4c7bdc207cd4003963a1e308b4198cb
cancel : polly jobs cancel --workspace-id 5967 --job-id a4c7bdc207cd4003963a1e308b4198cb
Success: Submitted the job to run!
╔══════════════╤══════════════════════════════════╗
║ Workspace ID │ Job ID                           ║
╟──────────────┼──────────────────────────────────╢
║ 5967         │ dfc0039c31b845cbad49462bded334ee ║
╚══════════════╧══════════════════════════════════╝

Useful commands:
status : polly jobs status --workspace-id 5967 --job-id dfc0039c31b845cbad49462bded334ee
logs   : polly jobs logs --workspace-id 5967 --job-id dfc0039c31b845cbad49462bded334ee
cancel : polly jobs cancel --workspace-id 5967 --job-id dfc0039c31b845cbad49462bded334ee
Success: Submitted the job to run!
╔══════════════╤══════════════════════════════════╗
║ Workspace ID │ Job ID                           ║
╟──────────────┼──────────────────────────────────╢
║ 5967         │ ffeaa16318824005beccf12da5c2d4fe ║
╚══════════════╧══════════════════════════════════╝

Useful commands:
status : polly jobs status --workspace-id 5967 --job-id ffeaa16318824005beccf12da5c2d4fe
logs   : polly jobs logs --workspace-id 5967 --job-id ffeaa16318824005beccf12da5c2d4fe
cancel : polly jobs cancel --workspace-id 5967 --job-id ffeaa16318824005beccf12da5c2d4fe
Success: Submitted the job to run!
╔══════════════╤══════════════════════════════════╗
║ Workspace ID │ Job ID                           ║
╟──────────────┼──────────────────────────────────╢
║ 5967         │ 09c7b0ca687a4935b720933c75f2c767 ║
╚══════════════╧══════════════════════════════════╝

Useful commands:
status : polly jobs status --workspace-id 5967 --job-id 09c7b0ca687a4935b720933c75f2c767
logs   : polly jobs logs --workspace-id 5967 --job-id 09c7b0ca687a4935b720933c75f2c767
cancel : polly jobs cancel --workspace-id 5967 --job-id 09c7b0ca687a4935b720933c75f2c767
Success: Submitted the job to run!
╔══════════════╤══════════════════════════════════╗
║ Workspace ID │ Job ID                           ║
╟──────────────┼──────────────────────────────────╢
║ 5967         │ 771e836a3faf4e45bcdc04b42767a75f ║
╚══════════════╧══════════════════════════════════╝

Useful commands:
status : polly jobs status --workspace-id 5967 --job-id 771e836a3faf4e45bcdc04b42767a75f
logs   : polly jobs logs --workspace-id 5967 --job-id 771e836a3faf4e45bcdc04b42767a75f
cancel : polly jobs cancel --workspace-id 5967 --job-id 771e836a3faf4e45bcdc04b42767a75f
Success: Submitted the job to run!
╔══════════════╤══════════════════════════════════╗
║ Workspace ID │ Job ID                           ║
╟──────────────┼──────────────────────────────────╢
║ 5967         │ 0f9c787369ed4d63866d079e14753be5 ║
╚══════════════╧══════════════════════════════════╝

Useful commands:
status : polly jobs status --workspace-id 5967 --job-id 0f9c787369ed4d63866d079e14753be5
logs   : polly jobs logs --workspace-id 5967 --job-id 0f9c787369ed4d63866d079e14753be5
cancel : polly jobs cancel --workspace-id 5967 --job-id 0f9c787369ed4d63866d079e14753be5
Success: Submitted the job to run!
╔══════════════╤══════════════════════════════════╗
║ Workspace ID │ Job ID                           ║
╟──────────────┼──────────────────────────────────╢
║ 5967         │ 471dbf80fc8e4e79b20c29538ba7cdfd ║
╚══════════════╧══════════════════════════════════╝

Useful commands:
status : polly jobs status --workspace-id 5967 --job-id 471dbf80fc8e4e79b20c29538ba7cdfd
logs   : polly jobs logs --workspace-id 5967 --job-id 471dbf80fc8e4e79b20c29538ba7cdfd
cancel : polly jobs cancel --workspace-id 5967 --job-id 471dbf80fc8e4e79b20c29538ba7cdfd
Success: Submitted the job to run!
╔══════════════╤══════════════════════════════════╗
║ Workspace ID │ Job ID                           ║
╟──────────────┼──────────────────────────────────╢
║ 5967         │ 3e2fb5ed52cd45ad9f59a705ed63aa84 ║
╚══════════════╧══════════════════════════════════╝

Useful commands:
status : polly jobs status --workspace-id 5967 --job-id 3e2fb5ed52cd45ad9f59a705ed63aa84
logs   : polly jobs logs --workspace-id 5967 --job-id 3e2fb5ed52cd45ad9f59a705ed63aa84
cancel : polly jobs cancel --workspace-id 5967 --job-id 3e2fb5ed52cd45ad9f59a705ed63aa84
Success: Submitted the job to run!
╔══════════════╤══════════════════════════════════╗
║ Workspace ID │ Job ID                           ║
╟──────────────┼──────────────────────────────────╢
║ 5967         │ e982444267874ff19185db85285bcd95 ║
╚══════════════╧══════════════════════════════════╝

Useful commands:
status : polly jobs status --workspace-id 5967 --job-id e982444267874ff19185db85285bcd95
logs   : polly jobs logs --workspace-id 5967 --job-id e982444267874ff19185db85285bcd95
cancel : polly jobs cancel --workspace-id 5967 --job-id e982444267874ff19185db85285bcd95
Success: Submitted the job to run!
╔══════════════╤══════════════════════════════════╗
║ Workspace ID │ Job ID                           ║
╟──────────────┼──────────────────────────────────╢
║ 5967         │ 51dcc38dd6974f4ab92beee22b841ee5 ║
╚══════════════╧══════════════════════════════════╝

Useful commands:
status : polly jobs status --workspace-id 5967 --job-id 51dcc38dd6974f4ab92beee22b841ee5
logs   : polly jobs logs --workspace-id 5967 --job-id 51dcc38dd6974f4ab92beee22b841ee5
cancel : polly jobs cancel --workspace-id 5967 --job-id 51dcc38dd6974f4ab92beee22b841ee5
Success: Submitted the job to run!
╔══════════════╤══════════════════════════════════╗
║ Workspace ID │ Job ID                           ║
╟──────────────┼──────────────────────────────────╢
║ 5967         │ be6529dd2f104e839369aa28967f0a6d ║
╚══════════════╧══════════════════════════════════╝

Useful commands:
status : polly jobs status --workspace-id 5967 --job-id be6529dd2f104e839369aa28967f0a6d
logs   : polly jobs logs --workspace-id 5967 --job-id be6529dd2f104e839369aa28967f0a6d
cancel : polly jobs cancel --workspace-id 5967 --job-id be6529dd2f104e839369aa28967f0a6d
Success: Submitted the job to run!
╔══════════════╤══════════════════════════════════╗
║ Workspace ID │ Job ID                           ║
╟──────────────┼──────────────────────────────────╢
║ 5967         │ 7dd7086165e84ada83ab494c97f384b2 ║
╚══════════════╧══════════════════════════════════╝

Useful commands:
status : polly jobs status --workspace-id 5967 --job-id 7dd7086165e84ada83ab494c97f384b2
logs   : polly jobs logs --workspace-id 5967 --job-id 7dd7086165e84ada83ab494c97f384b2
cancel : polly jobs cancel --workspace-id 5967 --job-id 7dd7086165e84ada83ab494c97f384b2
Success: Submitted the job to run!
╔══════════════╤══════════════════════════════════╗
║ Workspace ID │ Job ID                           ║
╟──────────────┼──────────────────────────────────╢
║ 5967         │ d136b121847c473a9d8022f50a35abc9 ║
╚══════════════╧══════════════════════════════════╝

Useful commands:
status : polly jobs status --workspace-id 5967 --job-id d136b121847c473a9d8022f50a35abc9
logs   : polly jobs logs --workspace-id 5967 --job-id d136b121847c473a9d8022f50a35abc9
cancel : polly jobs cancel --workspace-id 5967 --job-id d136b121847c473a9d8022f50a35abc9
Success: Submitted the job to run!
╔══════════════╤══════════════════════════════════╗
║ Workspace ID │ Job ID                           ║
╟──────────────┼──────────────────────────────────╢
║ 5967         │ c1c577855ee943c4bf1352a37213b031 ║
╚══════════════╧══════════════════════════════════╝

Useful commands:
status : polly jobs status --workspace-id 5967 --job-id c1c577855ee943c4bf1352a37213b031
logs   : polly jobs logs --workspace-id 5967 --job-id c1c577855ee943c4bf1352a37213b031
cancel : polly jobs cancel --workspace-id 5967 --job-id c1c577855ee943c4bf1352a37213b031
Success: Submitted the job to run!
╔══════════════╤══════════════════════════════════╗
║ Workspace ID │ Job ID                           ║
╟──────────────┼──────────────────────────────────╢
║ 5967         │ de28028a9f744cd699e27688d7464d3a ║
╚══════════════╧══════════════════════════════════╝

Useful commands:
status : polly jobs status --workspace-id 5967 --job-id de28028a9f744cd699e27688d7464d3a
logs   : polly jobs logs --workspace-id 5967 --job-id de28028a9f744cd699e27688d7464d3a
cancel : polly jobs cancel --workspace-id 5967 --job-id de28028a9f744cd699e27688d7464d3a
Success: Submitted the job to run!
╔══════════════╤══════════════════════════════════╗
║ Workspace ID │ Job ID                           ║
╟──────────────┼──────────────────────────────────╢
║ 5967         │ 96399294f11546e79a17950b020d1c2b ║
╚══════════════╧══════════════════════════════════╝

Useful commands:
status : polly jobs status --workspace-id 5967 --job-id 96399294f11546e79a17950b020d1c2b
logs   : polly jobs logs --workspace-id 5967 --job-id 96399294f11546e79a17950b020d1c2b
cancel : polly jobs cancel --workspace-id 5967 --job-id 96399294f11546e79a17950b020d1c2b
Success: Submitted the job to run!
╔══════════════╤══════════════════════════════════╗
║ Workspace ID │ Job ID                           ║
╟──────────────┼──────────────────────────────────╢
║ 5967         │ 7f317f5c70a74edd838f0efeab4b4b59 ║
╚══════════════╧══════════════════════════════════╝

Useful commands:
status : polly jobs status --workspace-id 5967 --job-id 7f317f5c70a74edd838f0efeab4b4b59
logs   : polly jobs logs --workspace-id 5967 --job-id 7f317f5c70a74edd838f0efeab4b4b59
cancel : polly jobs cancel --workspace-id 5967 --job-id 7f317f5c70a74edd838f0efeab4b4b59
Success: Submitted the job to run!
╔══════════════╤══════════════════════════════════╗
║ Workspace ID │ Job ID                           ║
╟──────────────┼──────────────────────────────────╢
║ 5967         │ 5d06d0c4efa742b28c9708b2bebafb4a ║
╚══════════════╧══════════════════════════════════╝

Useful commands:
status : polly jobs status --workspace-id 5967 --job-id 5d06d0c4efa742b28c9708b2bebafb4a
logs   : polly jobs logs --workspace-id 5967 --job-id 5d06d0c4efa742b28c9708b2bebafb4a
cancel : polly jobs cancel --workspace-id 5967 --job-id 5d06d0c4efa742b28c9708b2bebafb4a
Success: Submitted the job to run!
╔══════════════╤══════════════════════════════════╗
║ Workspace ID │ Job ID                           ║
╟──────────────┼──────────────────────────────────╢
║ 5967         │ c529994b7a0c4859b3ec735cf01f895e ║
╚══════════════╧══════════════════════════════════╝

Useful commands:
status : polly jobs status --workspace-id 5967 --job-id c529994b7a0c4859b3ec735cf01f895e
logs   : polly jobs logs --workspace-id 5967 --job-id c529994b7a0c4859b3ec735cf01f895e
cancel : polly jobs cancel --workspace-id 5967 --job-id c529994b7a0c4859b3ec735cf01f895e
Success: Submitted the job to run!
╔══════════════╤══════════════════════════════════╗
║ Workspace ID │ Job ID                           ║
╟──────────────┼──────────────────────────────────╢
║ 5967         │ 86a57eeb50aa491784b5693dc3c48e82 ║
╚══════════════╧══════════════════════════════════╝

Useful commands:
status : polly jobs status --workspace-id 5967 --job-id 86a57eeb50aa491784b5693dc3c48e82
logs   : polly jobs logs --workspace-id 5967 --job-id 86a57eeb50aa491784b5693dc3c48e82
cancel : polly jobs cancel --workspace-id 5967 --job-id 86a57eeb50aa491784b5693dc3c48e82
Success: Submitted the job to run!
╔══════════════╤══════════════════════════════════╗
║ Workspace ID │ Job ID                           ║
╟──────────────┼──────────────────────────────────╢
║ 5967         │ fdd3a05d614b47e79837e68dfaa9d1b8 ║
╚══════════════╧══════════════════════════════════╝

Useful commands:
status : polly jobs status --workspace-id 5967 --job-id fdd3a05d614b47e79837e68dfaa9d1b8
logs   : polly jobs logs --workspace-id 5967 --job-id fdd3a05d614b47e79837e68dfaa9d1b8
cancel : polly jobs cancel --workspace-id 5967 --job-id fdd3a05d614b47e79837e68dfaa9d1b8
Success: Submitted the job to run!
╔══════════════╤══════════════════════════════════╗
║ Workspace ID │ Job ID                           ║
╟──────────────┼──────────────────────────────────╢
║ 5967         │ cb58a1f2195e4c3a9fd40f76d21b5878 ║
╚══════════════╧══════════════════════════════════╝

Useful commands:
status : polly jobs status --workspace-id 5967 --job-id cb58a1f2195e4c3a9fd40f76d21b5878
logs   : polly jobs logs --workspace-id 5967 --job-id cb58a1f2195e4c3a9fd40f76d21b5878
cancel : polly jobs cancel --workspace-id 5967 --job-id cb58a1f2195e4c3a9fd40f76d21b5878
Success: Submitted the job to run!
╔══════════════╤══════════════════════════════════╗
║ Workspace ID │ Job ID                           ║
╟──────────────┼──────────────────────────────────╢
║ 5967         │ 2e69b71ae9e5429fab2169eb1620de55 ║
╚══════════════╧══════════════════════════════════╝

Useful commands:
status : polly jobs status --workspace-id 5967 --job-id 2e69b71ae9e5429fab2169eb1620de55
logs   : polly jobs logs --workspace-id 5967 --job-id 2e69b71ae9e5429fab2169eb1620de55
cancel : polly jobs cancel --workspace-id 5967 --job-id 2e69b71ae9e5429fab2169eb1620de55
Success: Submitted the job to run!
╔══════════════╤══════════════════════════════════╗
║ Workspace ID │ Job ID                           ║
╟──────────────┼──────────────────────────────────╢
║ 5967         │ f2a51294ea2d4ec9b83106dfb4849db1 ║
╚══════════════╧══════════════════════════════════╝

Useful commands:
status : polly jobs status --workspace-id 5967 --job-id f2a51294ea2d4ec9b83106dfb4849db1
logs   : polly jobs logs --workspace-id 5967 --job-id f2a51294ea2d4ec9b83106dfb4849db1
cancel : polly jobs cancel --workspace-id 5967 --job-id f2a51294ea2d4ec9b83106dfb4849db1
Success: Submitted the job to run!
╔══════════════╤══════════════════════════════════╗
║ Workspace ID │ Job ID                           ║
╟──────────────┼──────────────────────────────────╢
║ 5967         │ f160420487d84bb886821725468eed26 ║
╚══════════════╧══════════════════════════════════╝

Useful commands:
status : polly jobs status --workspace-id 5967 --job-id f160420487d84bb886821725468eed26
logs   : polly jobs logs --workspace-id 5967 --job-id f160420487d84bb886821725468eed26
cancel : polly jobs cancel --workspace-id 5967 --job-id f160420487d84bb886821725468eed26
Success: Submitted the job to run!
╔══════════════╤══════════════════════════════════╗
║ Workspace ID │ Job ID                           ║
╟──────────────┼──────────────────────────────────╢
║ 5967         │ 1d1462d57d6340708d2ee1ada49c444c ║
╚══════════════╧══════════════════════════════════╝

Useful commands:
status : polly jobs status --workspace-id 5967 --job-id 1d1462d57d6340708d2ee1ada49c444c
logs   : polly jobs logs --workspace-id 5967 --job-id 1d1462d57d6340708d2ee1ada49c444c
cancel : polly jobs cancel --workspace-id 5967 --job-id 1d1462d57d6340708d2ee1ada49c444c
Success: Submitted the job to run!
╔══════════════╤══════════════════════════════════╗
║ Workspace ID │ Job ID                           ║
╟──────────────┼──────────────────────────────────╢
║ 5967         │ 24b29223661c422e845d2baab9e96621 ║
╚══════════════╧══════════════════════════════════╝

Useful commands:
status : polly jobs status --workspace-id 5967 --job-id 24b29223661c422e845d2baab9e96621
logs   : polly jobs logs --workspace-id 5967 --job-id 24b29223661c422e845d2baab9e96621
cancel : polly jobs cancel --workspace-id 5967 --job-id 24b29223661c422e845d2baab9e96621
Success: Submitted the job to run!
╔══════════════╤══════════════════════════════════╗
║ Workspace ID │ Job ID                           ║
╟──────────────┼──────────────────────────────────╢
║ 5967         │ 44cb664661e34b10883a11ad4cc4f8a8 ║
╚══════════════╧══════════════════════════════════╝

Useful commands:
status : polly jobs status --workspace-id 5967 --job-id 44cb664661e34b10883a11ad4cc4f8a8
logs   : polly jobs logs --workspace-id 5967 --job-id 44cb664661e34b10883a11ad4cc4f8a8
cancel : polly jobs cancel --workspace-id 5967 --job-id 44cb664661e34b10883a11ad4cc4f8a8
Success: Submitted the job to run!
╔══════════════╤══════════════════════════════════╗
║ Workspace ID │ Job ID                           ║
╟──────────────┼──────────────────────────────────╢
║ 5967         │ 97698514b7fa4f5ab3d29f57bb868e55 ║
╚══════════════╧══════════════════════════════════╝

Useful commands:
status : polly jobs status --workspace-id 5967 --job-id 97698514b7fa4f5ab3d29f57bb868e55
logs   : polly jobs logs --workspace-id 5967 --job-id 97698514b7fa4f5ab3d29f57bb868e55
cancel : polly jobs cancel --workspace-id 5967 --job-id 97698514b7fa4f5ab3d29f57bb868e55
Success: Submitted the job to run!
╔══════════════╤══════════════════════════════════╗
║ Workspace ID │ Job ID                           ║
╟──────────────┼──────────────────────────────────╢
║ 5967         │ f7f5a97ccd1a4a1bb2286ba28b3a2a07 ║
╚══════════════╧══════════════════════════════════╝

Useful commands:
status : polly jobs status --workspace-id 5967 --job-id f7f5a97ccd1a4a1bb2286ba28b3a2a07
logs   : polly jobs logs --workspace-id 5967 --job-id f7f5a97ccd1a4a1bb2286ba28b3a2a07
cancel : polly jobs cancel --workspace-id 5967 --job-id f7f5a97ccd1a4a1bb2286ba28b3a2a07
Success: Submitted the job to run!
╔══════════════╤══════════════════════════════════╗
║ Workspace ID │ Job ID                           ║
╟──────────────┼──────────────────────────────────╢
║ 5967         │ 29aa238394e14ddfa9660f717391a492 ║
╚══════════════╧══════════════════════════════════╝

Useful commands:
status : polly jobs status --workspace-id 5967 --job-id 29aa238394e14ddfa9660f717391a492
logs   : polly jobs logs --workspace-id 5967 --job-id 29aa238394e14ddfa9660f717391a492
cancel : polly jobs cancel --workspace-id 5967 --job-id 29aa238394e14ddfa9660f717391a492
Success: Submitted the job to run!
╔══════════════╤══════════════════════════════════╗
║ Workspace ID │ Job ID                           ║
╟──────────────┼──────────────────────────────────╢
║ 5967         │ cb3e3677534e4b298a1cb96855fc8caf ║
╚══════════════╧══════════════════════════════════╝

Useful commands:
status : polly jobs status --workspace-id 5967 --job-id cb3e3677534e4b298a1cb96855fc8caf
logs   : polly jobs logs --workspace-id 5967 --job-id cb3e3677534e4b298a1cb96855fc8caf
cancel : polly jobs cancel --workspace-id 5967 --job-id cb3e3677534e4b298a1cb96855fc8caf
Success: Submitted the job to run!
╔══════════════╤══════════════════════════════════╗
║ Workspace ID │ Job ID                           ║
╟──────────────┼──────────────────────────────────╢
║ 5967         │ b5ef8a19130449c3abb8a1ec6222a286 ║
╚══════════════╧══════════════════════════════════╝

Useful commands:
status : polly jobs status --workspace-id 5967 --job-id b5ef8a19130449c3abb8a1ec6222a286
logs   : polly jobs logs --workspace-id 5967 --job-id b5ef8a19130449c3abb8a1ec6222a286
cancel : polly jobs cancel --workspace-id 5967 --job-id b5ef8a19130449c3abb8a1ec6222a286
Success: Submitted the job to run!
╔══════════════╤══════════════════════════════════╗
║ Workspace ID │ Job ID                           ║
╟──────────────┼──────────────────────────────────╢
║ 5967         │ 3cce9ad1f66b4d2381c0a20966d578e4 ║
╚══════════════╧══════════════════════════════════╝

Useful commands:
status : polly jobs status --workspace-id 5967 --job-id 3cce9ad1f66b4d2381c0a20966d578e4
logs   : polly jobs logs --workspace-id 5967 --job-id 3cce9ad1f66b4d2381c0a20966d578e4
cancel : polly jobs cancel --workspace-id 5967 --job-id 3cce9ad1f66b4d2381c0a20966d578e4
Success: Submitted the job to run!
╔══════════════╤══════════════════════════════════╗
║ Workspace ID │ Job ID                           ║
╟──────────────┼──────────────────────────────────╢
║ 5967         │ 49e63622ccd84b25a18e3ecb895124fe ║
╚══════════════╧══════════════════════════════════╝

Useful commands:
status : polly jobs status --workspace-id 5967 --job-id 49e63622ccd84b25a18e3ecb895124fe
logs   : polly jobs logs --workspace-id 5967 --job-id 49e63622ccd84b25a18e3ecb895124fe
cancel : polly jobs cancel --workspace-id 5967 --job-id 49e63622ccd84b25a18e3ecb895124fe
Success: Submitted the job to run!
╔══════════════╤══════════════════════════════════╗
║ Workspace ID │ Job ID                           ║
╟──────────────┼──────────────────────────────────╢
║ 5967         │ 3d361ca2a15d48918882f606a1e6e332 ║
╚══════════════╧══════════════════════════════════╝

Useful commands:
status : polly jobs status --workspace-id 5967 --job-id 3d361ca2a15d48918882f606a1e6e332
logs   : polly jobs logs --workspace-id 5967 --job-id 3d361ca2a15d48918882f606a1e6e332
cancel : polly jobs cancel --workspace-id 5967 --job-id 3d361ca2a15d48918882f606a1e6e332
Success: Submitted the job to run!
╔══════════════╤══════════════════════════════════╗
║ Workspace ID │ Job ID                           ║
╟──────────────┼──────────────────────────────────╢
║ 5967         │ ffe91810074349a4a7bfc0948926085c ║
╚══════════════╧══════════════════════════════════╝

Useful commands:
status : polly jobs status --workspace-id 5967 --job-id ffe91810074349a4a7bfc0948926085c
logs   : polly jobs logs --workspace-id 5967 --job-id ffe91810074349a4a7bfc0948926085c
cancel : polly jobs cancel --workspace-id 5967 --job-id ffe91810074349a4a7bfc0948926085c
Success: Submitted the job to run!
╔══════════════╤══════════════════════════════════╗
║ Workspace ID │ Job ID                           ║
╟──────────────┼──────────────────────────────────╢
║ 5967         │ 8863851a9bc34487b293afbf56a15261 ║
╚══════════════╧══════════════════════════════════╝

Useful commands:
status : polly jobs status --workspace-id 5967 --job-id 8863851a9bc34487b293afbf56a15261
logs   : polly jobs logs --workspace-id 5967 --job-id 8863851a9bc34487b293afbf56a15261
cancel : polly jobs cancel --workspace-id 5967 --job-id 8863851a9bc34487b293afbf56a15261
Success: Submitted the job to run!
╔══════════════╤══════════════════════════════════╗
║ Workspace ID │ Job ID                           ║
╟──────────────┼──────────────────────────────────╢
║ 5967         │ a2c3602f94ad4ca2b6347d6126c3f884 ║
╚══════════════╧══════════════════════════════════╝

Useful commands:
status : polly jobs status --workspace-id 5967 --job-id a2c3602f94ad4ca2b6347d6126c3f884
logs   : polly jobs logs --workspace-id 5967 --job-id a2c3602f94ad4ca2b6347d6126c3f884
cancel : polly jobs cancel --workspace-id 5967 --job-id a2c3602f94ad4ca2b6347d6126c3f884
Success: Submitted the job to run!
╔══════════════╤══════════════════════════════════╗
║ Workspace ID │ Job ID                           ║
╟──────────────┼──────────────────────────────────╢
║ 5967         │ 7b11370436f74d889ca8305a02410ef2 ║
╚══════════════╧══════════════════════════════════╝

Useful commands:
status : polly jobs status --workspace-id 5967 --job-id 7b11370436f74d889ca8305a02410ef2
logs   : polly jobs logs --workspace-id 5967 --job-id 7b11370436f74d889ca8305a02410ef2
cancel : polly jobs cancel --workspace-id 5967 --job-id 7b11370436f74d889ca8305a02410ef2
Success: Submitted the job to run!
╔══════════════╤══════════════════════════════════╗
║ Workspace ID │ Job ID                           ║
╟──────────────┼──────────────────────────────────╢
║ 5967         │ 419f9008522148d7a8f7422afeedb071 ║
╚══════════════╧══════════════════════════════════╝

Useful commands:
status : polly jobs status --workspace-id 5967 --job-id 419f9008522148d7a8f7422afeedb071
logs   : polly jobs logs --workspace-id 5967 --job-id 419f9008522148d7a8f7422afeedb071
cancel : polly jobs cancel --workspace-id 5967 --job-id 419f9008522148d7a8f7422afeedb071
Success: Submitted the job to run!
╔══════════════╤══════════════════════════════════╗
║ Workspace ID │ Job ID                           ║
╟──────────────┼──────────────────────────────────╢
║ 5967         │ e0f7f6ce005b43d89703385c1a43d853 ║
╚══════════════╧══════════════════════════════════╝

Useful commands:
status : polly jobs status --workspace-id 5967 --job-id e0f7f6ce005b43d89703385c1a43d853
logs   : polly jobs logs --workspace-id 5967 --job-id e0f7f6ce005b43d89703385c1a43d853
cancel : polly jobs cancel --workspace-id 5967 --job-id e0f7f6ce005b43d89703385c1a43d853
Success: Submitted the job to run!
╔══════════════╤══════════════════════════════════╗
║ Workspace ID │ Job ID                           ║
╟──────────────┼──────────────────────────────────╢
║ 5967         │ fd2729a170984fab816beb8800a072c6 ║
╚══════════════╧══════════════════════════════════╝

Useful commands:
status : polly jobs status --workspace-id 5967 --job-id fd2729a170984fab816beb8800a072c6
logs   : polly jobs logs --workspace-id 5967 --job-id fd2729a170984fab816beb8800a072c6
cancel : polly jobs cancel --workspace-id 5967 --job-id fd2729a170984fab816beb8800a072c6
Success: Submitted the job to run!
╔══════════════╤══════════════════════════════════╗
║ Workspace ID │ Job ID                           ║
╟──────────────┼──────────────────────────────────╢
║ 5967         │ 4750b60eccac42fb81b4d2b85ee2ea19 ║
╚══════════════╧══════════════════════════════════╝

Useful commands:
status : polly jobs status --workspace-id 5967 --job-id 4750b60eccac42fb81b4d2b85ee2ea19
logs   : polly jobs logs --workspace-id 5967 --job-id 4750b60eccac42fb81b4d2b85ee2ea19
cancel : polly jobs cancel --workspace-id 5967 --job-id 4750b60eccac42fb81b4d2b85ee2ea19
Success: Submitted the job to run!
╔══════════════╤══════════════════════════════════╗
║ Workspace ID │ Job ID                           ║
╟──────────────┼──────────────────────────────────╢
║ 5967         │ bf00841b56084b5f9bad38ec6afe1346 ║
╚══════════════╧══════════════════════════════════╝

Useful commands:
status : polly jobs status --workspace-id 5967 --job-id bf00841b56084b5f9bad38ec6afe1346
logs   : polly jobs logs --workspace-id 5967 --job-id bf00841b56084b5f9bad38ec6afe1346
cancel : polly jobs cancel --workspace-id 5967 --job-id bf00841b56084b5f9bad38ec6afe1346
Success: Submitted the job to run!
╔══════════════╤══════════════════════════════════╗
║ Workspace ID │ Job ID                           ║
╟──────────────┼──────────────────────────────────╢
║ 5967         │ 3bfceaf1535b4a58abcb364082ff7a23 ║
╚══════════════╧══════════════════════════════════╝

Useful commands:
status : polly jobs status --workspace-id 5967 --job-id 3bfceaf1535b4a58abcb364082ff7a23
logs   : polly jobs logs --workspace-id 5967 --job-id 3bfceaf1535b4a58abcb364082ff7a23
cancel : polly jobs cancel --workspace-id 5967 --job-id 3bfceaf1535b4a58abcb364082ff7a23
Success: Submitted the job to run!
╔══════════════╤══════════════════════════════════╗
║ Workspace ID │ Job ID                           ║
╟──────────────┼──────────────────────────────────╢
║ 5967         │ 65c4b922caa5423db0540ddaf791ab63 ║
╚══════════════╧══════════════════════════════════╝

Useful commands:
status : polly jobs status --workspace-id 5967 --job-id 65c4b922caa5423db0540ddaf791ab63
logs   : polly jobs logs --workspace-id 5967 --job-id 65c4b922caa5423db0540ddaf791ab63
cancel : polly jobs cancel --workspace-id 5967 --job-id 65c4b922caa5423db0540ddaf791ab63
Success: Submitted the job to run!
╔══════════════╤══════════════════════════════════╗
║ Workspace ID │ Job ID                           ║
╟──────────────┼──────────────────────────────────╢
║ 5967         │ 7ff2d0db9f0c45fc8c33d565861b86f7 ║
╚══════════════╧══════════════════════════════════╝

Useful commands:
status : polly jobs status --workspace-id 5967 --job-id 7ff2d0db9f0c45fc8c33d565861b86f7
logs   : polly jobs logs --workspace-id 5967 --job-id 7ff2d0db9f0c45fc8c33d565861b86f7
cancel : polly jobs cancel --workspace-id 5967 --job-id 7ff2d0db9f0c45fc8c33d565861b86f7
Success: Submitted the job to run!
╔══════════════╤══════════════════════════════════╗
║ Workspace ID │ Job ID                           ║
╟──────────────┼──────────────────────────────────╢
║ 5967         │ ee1007d37db4488a933fdb19e717c118 ║
╚══════════════╧══════════════════════════════════╝

Useful commands:
status : polly jobs status --workspace-id 5967 --job-id ee1007d37db4488a933fdb19e717c118
logs   : polly jobs logs --workspace-id 5967 --job-id ee1007d37db4488a933fdb19e717c118
cancel : polly jobs cancel --workspace-id 5967 --job-id ee1007d37db4488a933fdb19e717c118
Success: Submitted the job to run!
╔══════════════╤══════════════════════════════════╗
║ Workspace ID │ Job ID                           ║
╟──────────────┼──────────────────────────────────╢
║ 5967         │ 58133825143f4a1c892e1f2b2d412b6c ║
╚══════════════╧══════════════════════════════════╝

Useful commands:
status : polly jobs status --workspace-id 5967 --job-id 58133825143f4a1c892e1f2b2d412b6c
logs   : polly jobs logs --workspace-id 5967 --job-id 58133825143f4a1c892e1f2b2d412b6c
cancel : polly jobs cancel --workspace-id 5967 --job-id 58133825143f4a1c892e1f2b2d412b6c
Success: Submitted the job to run!
╔══════════════╤══════════════════════════════════╗
║ Workspace ID │ Job ID                           ║
╟──────────────┼──────────────────────────────────╢
║ 5967         │ 5fc4e9a857e54ab1a7af73fc1bfe0bc8 ║
╚══════════════╧══════════════════════════════════╝

Useful commands:
status : polly jobs status --workspace-id 5967 --job-id 5fc4e9a857e54ab1a7af73fc1bfe0bc8
logs   : polly jobs logs --workspace-id 5967 --job-id 5fc4e9a857e54ab1a7af73fc1bfe0bc8
cancel : polly jobs cancel --workspace-id 5967 --job-id 5fc4e9a857e54ab1a7af73fc1bfe0bc8
Success: Submitted the job to run!
╔══════════════╤══════════════════════════════════╗
║ Workspace ID │ Job ID                           ║
╟──────────────┼──────────────────────────────────╢
║ 5967         │ 4ed11bbc74b04fa988d8f0248e5487c4 ║
╚══════════════╧══════════════════════════════════╝

Useful commands:
status : polly jobs status --workspace-id 5967 --job-id 4ed11bbc74b04fa988d8f0248e5487c4
logs   : polly jobs logs --workspace-id 5967 --job-id 4ed11bbc74b04fa988d8f0248e5487c4
cancel : polly jobs cancel --workspace-id 5967 --job-id 4ed11bbc74b04fa988d8f0248e5487c4
Success: Submitted the job to run!
╔══════════════╤══════════════════════════════════╗
║ Workspace ID │ Job ID                           ║
╟──────────────┼──────────────────────────────────╢
║ 5967         │ 7e85bd18ce46416eb80e678f01723906 ║
╚══════════════╧══════════════════════════════════╝

Useful commands:
status : polly jobs status --workspace-id 5967 --job-id 7e85bd18ce46416eb80e678f01723906
logs   : polly jobs logs --workspace-id 5967 --job-id 7e85bd18ce46416eb80e678f01723906
cancel : polly jobs cancel --workspace-id 5967 --job-id 7e85bd18ce46416eb80e678f01723906
Success: Submitted the job to run!
╔══════════════╤══════════════════════════════════╗
║ Workspace ID │ Job ID                           ║
╟──────────────┼──────────────────────────────────╢
║ 5967         │ 5591ba6c6c604af58ebfa013f6667628 ║
╚══════════════╧══════════════════════════════════╝

Useful commands:
status : polly jobs status --workspace-id 5967 --job-id 5591ba6c6c604af58ebfa013f6667628
logs   : polly jobs logs --workspace-id 5967 --job-id 5591ba6c6c604af58ebfa013f6667628
cancel : polly jobs cancel --workspace-id 5967 --job-id 5591ba6c6c604af58ebfa013f6667628
Success: Submitted the job to run!
╔══════════════╤══════════════════════════════════╗
║ Workspace ID │ Job ID                           ║
╟──────────────┼──────────────────────────────────╢
║ 5967         │ 77e26aa0d3324a2c8d552aea14d33cb1 ║
╚══════════════╧══════════════════════════════════╝

Useful commands:
status : polly jobs status --workspace-id 5967 --job-id 77e26aa0d3324a2c8d552aea14d33cb1
logs   : polly jobs logs --workspace-id 5967 --job-id 77e26aa0d3324a2c8d552aea14d33cb1
cancel : polly jobs cancel --workspace-id 5967 --job-id 77e26aa0d3324a2c8d552aea14d33cb1
Success: Submitted the job to run!
╔══════════════╤══════════════════════════════════╗
║ Workspace ID │ Job ID                           ║
╟──────────────┼──────────────────────────────────╢
║ 5967         │ 3126024a691e4c94a7c88dcc313bd361 ║
╚══════════════╧══════════════════════════════════╝

Useful commands:
status : polly jobs status --workspace-id 5967 --job-id 3126024a691e4c94a7c88dcc313bd361
logs   : polly jobs logs --workspace-id 5967 --job-id 3126024a691e4c94a7c88dcc313bd361
cancel : polly jobs cancel --workspace-id 5967 --job-id 3126024a691e4c94a7c88dcc313bd361
Success: Submitted the job to run!
╔══════════════╤══════════════════════════════════╗
║ Workspace ID │ Job ID                           ║
╟──────────────┼──────────────────────────────────╢
║ 5967         │ d8f0f409a2594754a4d8693f628066e5 ║
╚══════════════╧══════════════════════════════════╝

Useful commands:
status : polly jobs status --workspace-id 5967 --job-id d8f0f409a2594754a4d8693f628066e5
logs   : polly jobs logs --workspace-id 5967 --job-id d8f0f409a2594754a4d8693f628066e5
cancel : polly jobs cancel --workspace-id 5967 --job-id d8f0f409a2594754a4d8693f628066e5
Success: Submitted the job to run!
╔══════════════╤══════════════════════════════════╗
║ Workspace ID │ Job ID                           ║
╟──────────────┼──────────────────────────────────╢
║ 5967         │ d9c729c94209422da1dd44fcfef5f672 ║
╚══════════════╧══════════════════════════════════╝

Useful commands:
status : polly jobs status --workspace-id 5967 --job-id d9c729c94209422da1dd44fcfef5f672
logs   : polly jobs logs --workspace-id 5967 --job-id d9c729c94209422da1dd44fcfef5f672
cancel : polly jobs cancel --workspace-id 5967 --job-id d9c729c94209422da1dd44fcfef5f672
Success: Submitted the job to run!
╔══════════════╤══════════════════════════════════╗
║ Workspace ID │ Job ID                           ║
╟──────────────┼──────────────────────────────────╢
║ 5967         │ 1d6cb69d4ecc45789b15b8529d6a789a ║
╚══════════════╧══════════════════════════════════╝

Useful commands:
status : polly jobs status --workspace-id 5967 --job-id 1d6cb69d4ecc45789b15b8529d6a789a
logs   : polly jobs logs --workspace-id 5967 --job-id 1d6cb69d4ecc45789b15b8529d6a789a
cancel : polly jobs cancel --workspace-id 5967 --job-id 1d6cb69d4ecc45789b15b8529d6a789a
Success: Submitted the job to run!
╔══════════════╤══════════════════════════════════╗
║ Workspace ID │ Job ID                           ║
╟──────────────┼──────────────────────────────────╢
║ 5967         │ c2316361e5cc4088806ac88bb31085e7 ║
╚══════════════╧══════════════════════════════════╝

Useful commands:
status : polly jobs status --workspace-id 5967 --job-id c2316361e5cc4088806ac88bb31085e7
logs   : polly jobs logs --workspace-id 5967 --job-id c2316361e5cc4088806ac88bb31085e7
cancel : polly jobs cancel --workspace-id 5967 --job-id c2316361e5cc4088806ac88bb31085e7
Success: Submitted the job to run!
╔══════════════╤══════════════════════════════════╗
║ Workspace ID │ Job ID                           ║
╟──────────────┼──────────────────────────────────╢
║ 5967         │ 37f75f6f0ac44ff5b3d75e180b772dd7 ║
╚══════════════╧══════════════════════════════════╝

Useful commands:
status : polly jobs status --workspace-id 5967 --job-id 37f75f6f0ac44ff5b3d75e180b772dd7
logs   : polly jobs logs --workspace-id 5967 --job-id 37f75f6f0ac44ff5b3d75e180b772dd7
cancel : polly jobs cancel --workspace-id 5967 --job-id 37f75f6f0ac44ff5b3d75e180b772dd7
Success: Submitted the job to run!
╔══════════════╤══════════════════════════════════╗
║ Workspace ID │ Job ID                           ║
╟──────────────┼──────────────────────────────────╢
║ 5967         │ a54855bd49644a059c0680f6311faf2a ║
╚══════════════╧══════════════════════════════════╝

Useful commands:
status : polly jobs status --workspace-id 5967 --job-id a54855bd49644a059c0680f6311faf2a
logs   : polly jobs logs --workspace-id 5967 --job-id a54855bd49644a059c0680f6311faf2a
cancel : polly jobs cancel --workspace-id 5967 --job-id a54855bd49644a059c0680f6311faf2a
Success: Submitted the job to run!
╔══════════════╤══════════════════════════════════╗
║ Workspace ID │ Job ID                           ║
╟──────────────┼──────────────────────────────────╢
║ 5967         │ 3c54f722087c42e68c887d205a7e3fed ║
╚══════════════╧══════════════════════════════════╝

Useful commands:
status : polly jobs status --workspace-id 5967 --job-id 3c54f722087c42e68c887d205a7e3fed
logs   : polly jobs logs --workspace-id 5967 --job-id 3c54f722087c42e68c887d205a7e3fed
cancel : polly jobs cancel --workspace-id 5967 --job-id 3c54f722087c42e68c887d205a7e3fed
Success: Submitted the job to run!
╔══════════════╤══════════════════════════════════╗
║ Workspace ID │ Job ID                           ║
╟──────────────┼──────────────────────────────────╢
║ 5967         │ fbf6791f2f874c61934c48f5291d42e0 ║
╚══════════════╧══════════════════════════════════╝

Useful commands:
status : polly jobs status --workspace-id 5967 --job-id fbf6791f2f874c61934c48f5291d42e0
logs   : polly jobs logs --workspace-id 5967 --job-id fbf6791f2f874c61934c48f5291d42e0
cancel : polly jobs cancel --workspace-id 5967 --job-id fbf6791f2f874c61934c48f5291d42e0
Success: Submitted the job to run!
╔══════════════╤══════════════════════════════════╗
║ Workspace ID │ Job ID                           ║
╟──────────────┼──────────────────────────────────╢
║ 5967         │ e6b5f84307e44c23809d8d1ffb2efa19 ║
╚══════════════╧══════════════════════════════════╝

Useful commands:
status : polly jobs status --workspace-id 5967 --job-id e6b5f84307e44c23809d8d1ffb2efa19
logs   : polly jobs logs --workspace-id 5967 --job-id e6b5f84307e44c23809d8d1ffb2efa19
cancel : polly jobs cancel --workspace-id 5967 --job-id e6b5f84307e44c23809d8d1ffb2efa19
Success: Submitted the job to run!
╔══════════════╤══════════════════════════════════╗
║ Workspace ID │ Job ID                           ║
╟──────────────┼──────────────────────────────────╢
║ 5967         │ 4ce8164cc09048a0bca590ad2855f5c9 ║
╚══════════════╧══════════════════════════════════╝

Useful commands:
status : polly jobs status --workspace-id 5967 --job-id 4ce8164cc09048a0bca590ad2855f5c9
logs   : polly jobs logs --workspace-id 5967 --job-id 4ce8164cc09048a0bca590ad2855f5c9
cancel : polly jobs cancel --workspace-id 5967 --job-id 4ce8164cc09048a0bca590ad2855f5c9
Success: Submitted the job to run!
Success: Submitted the job to run!
╔══════════════╤══════════════════════════════════╗
║ Workspace ID │ Job ID                           ║
╟──────────────┼──────────────────────────────────╢
║ 5967         │ 7d3e391f565f49e89ff3ef5c73400843 ║
╚══════════════╧══════════════════════════════════╝

Useful commands:
status : polly jobs status --workspace-id 5967 --job-id 7d3e391f565f49e89ff3ef5c73400843
logs   : polly jobs logs --workspace-id 5967 --job-id 7d3e391f565f49e89ff3ef5c73400843
cancel : polly jobs cancel --workspace-id 5967 --job-id 7d3e391f565f49e89ff3ef5c73400843
╔══════════════╤══════════════════════════════════╗
║ Workspace ID │ Job ID                           ║
╟──────────────┼──────────────────────────────────╢
║ 5967         │ 590d9a78761a4c4f9e73d4c9aeeb8cc6 ║
╚══════════════╧══════════════════════════════════╝

Useful commands:
status : polly jobs status --workspace-id 5967 --job-id 590d9a78761a4c4f9e73d4c9aeeb8cc6
logs   : polly jobs logs --workspace-id 5967 --job-id 590d9a78761a4c4f9e73d4c9aeeb8cc6
cancel : polly jobs cancel --workspace-id 5967 --job-id 590d9a78761a4c4f9e73d4c9aeeb8cc6
Success: Submitted the job to run!
╔══════════════╤══════════════════════════════════╗
║ Workspace ID │ Job ID                           ║
╟──────────────┼──────────────────────────────────╢
║ 5967         │ 35a027c04a1a451988ad821ee916fa66 ║
╚══════════════╧══════════════════════════════════╝

Useful commands:
status : polly jobs status --workspace-id 5967 --job-id 35a027c04a1a451988ad821ee916fa66
logs   : polly jobs logs --workspace-id 5967 --job-id 35a027c04a1a451988ad821ee916fa66
cancel : polly jobs cancel --workspace-id 5967 --job-id 35a027c04a1a451988ad821ee916fa66
